{"C:\\Users\\Jason\\Desktop\\Jason Folder\\Final-Year-Project\\Android\\App\\App.js": {"path":"C:\\Users\\Jason\\Desktop\\Jason Folder\\Final-Year-Project\\Android\\App\\App.js","statementMap":{"0":{"start":{"line":5,"column":2},"end":{"line":7,"column":4}}},"fnMap":{"0":{"name":"App","decl":{"start":{"line":4,"column":9},"end":{"line":4,"column":12}},"loc":{"start":{"line":4,"column":15},"end":{"line":8,"column":1}},"line":4}},"branchMap":{},"s":{"0":0},"f":{"0":0},"b":{}}
,"C:\\Users\\Jason\\Desktop\\Jason Folder\\Final-Year-Project\\Android\\App\\navigation\\admin.js": {"path":"C:\\Users\\Jason\\Desktop\\Jason Folder\\Final-Year-Project\\Android\\App\\navigation\\admin.js","statementMap":{"0":{"start":{"line":13,"column":19},"end":{"line":13,"column":42}},"1":{"start":{"line":16,"column":2},"end":{"line":23,"column":4}},"2":{"start":{"line":26,"column":18},"end":{"line":26,"column":40}},"3":{"start":{"line":29,"column":2},"end":{"line":34,"column":4}},"4":{"start":{"line":37,"column":18},"end":{"line":37,"column":40}},"5":{"start":{"line":40,"column":2},"end":{"line":46,"column":4}},"6":{"start":{"line":49,"column":17},"end":{"line":49,"column":39}},"7":{"start":{"line":52,"column":2},"end":{"line":58,"column":4}},"8":{"start":{"line":61,"column":21},"end":{"line":61,"column":43}},"9":{"start":{"line":64,"column":2},"end":{"line":69,"column":4}}},"fnMap":{"0":{"name":"HomeDrawerScreen","decl":{"start":{"line":15,"column":16},"end":{"line":15,"column":32}},"loc":{"start":{"line":15,"column":36},"end":{"line":24,"column":1}},"line":15},"1":{"name":"HomeNavigator","decl":{"start":{"line":28,"column":16},"end":{"line":28,"column":29}},"loc":{"start":{"line":28,"column":32},"end":{"line":35,"column":1}},"line":28},"2":{"name":"UserNavigator","decl":{"start":{"line":39,"column":16},"end":{"line":39,"column":29}},"loc":{"start":{"line":39,"column":32},"end":{"line":47,"column":1}},"line":39},"3":{"name":"CarNavigator","decl":{"start":{"line":51,"column":16},"end":{"line":51,"column":28}},"loc":{"start":{"line":51,"column":31},"end":{"line":59,"column":1}},"line":51},"4":{"name":"CommentNavigator","decl":{"start":{"line":63,"column":16},"end":{"line":63,"column":32}},"loc":{"start":{"line":63,"column":35},"end":{"line":70,"column":1}},"line":63}},"branchMap":{},"s":{"0":1,"1":0,"2":1,"3":0,"4":1,"5":0,"6":1,"7":0,"8":1,"9":0},"f":{"0":0,"1":0,"2":0,"3":0,"4":0},"b":{},"_coverageSchema":"1a1c01bbd47fc00a2c39e90264f33305004495a9","hash":"820eda8f1944330222d91bb4cf496dd6934efa0c"}
,"C:\\Users\\Jason\\Desktop\\Jason Folder\\Final-Year-Project\\Android\\App\\navigation\\generalNav.js": {"path":"C:\\Users\\Jason\\Desktop\\Jason Folder\\Final-Year-Project\\Android\\App\\navigation\\generalNav.js","statementMap":{"0":{"start":{"line":11,"column":14},"end":{"line":11,"column":36}},"1":{"start":{"line":14,"column":2},"end":{"line":25,"column":4}}},"fnMap":{"0":{"name":"GeneralNavigator","decl":{"start":{"line":13,"column":16},"end":{"line":13,"column":32}},"loc":{"start":{"line":13,"column":35},"end":{"line":26,"column":1}},"line":13}},"branchMap":{},"s":{"0":1,"1":3},"f":{"0":3},"b":{},"_coverageSchema":"1a1c01bbd47fc00a2c39e90264f33305004495a9","hash":"87f272136fdacb1c7c988f72a0ebf4299bc555d2"}
,"C:\\Users\\Jason\\Desktop\\Jason Folder\\Final-Year-Project\\Android\\App\\navigation\\userNav.js": {"path":"C:\\Users\\Jason\\Desktop\\Jason Folder\\Final-Year-Project\\Android\\App\\navigation\\userNav.js","statementMap":{"0":{"start":{"line":10,"column":18},"end":{"line":10,"column":40}},"1":{"start":{"line":12,"column":2},"end":{"line":20,"column":4}}},"fnMap":{"0":{"name":"HomeStackScreen","decl":{"start":{"line":11,"column":16},"end":{"line":11,"column":31}},"loc":{"start":{"line":11,"column":35},"end":{"line":21,"column":1}},"line":11}},"branchMap":{},"s":{"0":1,"1":0},"f":{"0":0},"b":{},"_coverageSchema":"1a1c01bbd47fc00a2c39e90264f33305004495a9","hash":"60f19bb69ebbfb3b53b56536edefc64300be0458"}
,"C:\\Users\\Jason\\Desktop\\Jason Folder\\Final-Year-Project\\Android\\App\\src\\component\\Loader.js": {"path":"C:\\Users\\Jason\\Desktop\\Jason Folder\\Final-Year-Project\\Android\\App\\src\\component\\Loader.js","statementMap":{"0":{"start":{"line":6,"column":2},"end":{"line":10,"column":3}},"1":{"start":{"line":13,"column":15},"end":{"line":20,"column":2}}},"fnMap":{"0":{"name":"Loader","decl":{"start":{"line":5,"column":24},"end":{"line":5,"column":30}},"loc":{"start":{"line":5,"column":33},"end":{"line":11,"column":1}},"line":5}},"branchMap":{},"s":{"0":0,"1":2},"f":{"0":0},"b":{},"_coverageSchema":"1a1c01bbd47fc00a2c39e90264f33305004495a9","hash":"c857879f4477ca2cf1f1deb5fe538ded53c51f83"}
,"C:\\Users\\Jason\\Desktop\\Jason Folder\\Final-Year-Project\\Android\\App\\src\\config\\firebase.js": {"path":"C:\\Users\\Jason\\Desktop\\Jason Folder\\Final-Year-Project\\Android\\App\\src\\config\\firebase.js","statementMap":{"0":{"start":{"line":8,"column":23},"end":{"line":16,"column":1}},"1":{"start":{"line":21,"column":0},"end":{"line":25,"column":1}},"2":{"start":{"line":22,"column":2},"end":{"line":22,"column":46}},"3":{"start":{"line":24,"column":2},"end":{"line":24,"column":23}},"4":{"start":{"line":27,"column":13},"end":{"line":27,"column":28}},"5":{"start":{"line":28,"column":18},"end":{"line":28,"column":38}}},"fnMap":{},"branchMap":{"0":{"loc":{"start":{"line":21,"column":0},"end":{"line":25,"column":1}},"type":"if","locations":[{"start":{"line":21,"column":0},"end":{"line":25,"column":1}},{"start":{"line":23,"column":7},"end":{"line":25,"column":1}}],"line":21}},"s":{"0":5,"1":5,"2":5,"3":0,"4":5,"5":5},"f":{},"b":{"0":[5,0]},"_coverageSchema":"1a1c01bbd47fc00a2c39e90264f33305004495a9","hash":"c57ab0d2e58a3e53cae7733d999114c47ef0d43a"}
,"C:\\Users\\Jason\\Desktop\\Jason Folder\\Final-Year-Project\\Android\\App\\src\\screens\\Admin\\Car.js": {"path":"C:\\Users\\Jason\\Desktop\\Jason Folder\\Final-Year-Project\\Android\\App\\src\\screens\\Admin\\Car.js","statementMap":{"0":{"start":{"line":15,"column":4},"end":{"line":15,"column":17}},"1":{"start":{"line":17,"column":4},"end":{"line":21,"column":6}},"2":{"start":{"line":25,"column":4},"end":{"line":25,"column":30}},"3":{"start":{"line":26,"column":4},"end":{"line":26,"column":34}},"4":{"start":{"line":29,"column":17},"end":{"line":38,"column":3}},"5":{"start":{"line":30,"column":4},"end":{"line":37,"column":6}},"6":{"start":{"line":32,"column":6},"end":{"line":36,"column":8}},"7":{"start":{"line":33,"column":31},"end":{"line":33,"column":41}},"8":{"start":{"line":34,"column":8},"end":{"line":35,"column":43}},"9":{"start":{"line":35,"column":10},"end":{"line":35,"column":43}},"10":{"start":{"line":40,"column":18},"end":{"line":48,"column":3}},"11":{"start":{"line":41,"column":4},"end":{"line":47,"column":43}},"12":{"start":{"line":44,"column":8},"end":{"line":44,"column":46}},"13":{"start":{"line":45,"column":8},"end":{"line":45,"column":42}},"14":{"start":{"line":47,"column":22},"end":{"line":47,"column":42}},"15":{"start":{"line":50,"column":21},"end":{"line":72,"column":3}},"16":{"start":{"line":51,"column":4},"end":{"line":71,"column":6}},"17":{"start":{"line":53,"column":23},"end":{"line":53,"column":25}},"18":{"start":{"line":54,"column":6},"end":{"line":69,"column":8}},"19":{"start":{"line":55,"column":99},"end":{"line":55,"column":109}},"20":{"start":{"line":56,"column":8},"end":{"line":68,"column":14}},"21":{"start":{"line":57,"column":12},"end":{"line":68,"column":14}},"22":{"start":{"line":70,"column":6},"end":{"line":70,"column":45}},"23":{"start":{"line":75,"column":27},"end":{"line":75,"column":37}},"24":{"start":{"line":77,"column":4},"end":{"line":221,"column":6}},"25":{"start":{"line":81,"column":45},"end":{"line":81,"column":68}},"26":{"start":{"line":168,"column":71},"end":{"line":168,"column":130}},"27":{"start":{"line":175,"column":16},"end":{"line":215,"column":19}},"28":{"start":{"line":188,"column":28},"end":{"line":197,"column":29}},"29":{"start":{"line":208,"column":86},"end":{"line":208,"column":145}},"30":{"start":{"line":225,"column":15},"end":{"line":433,"column":2}}},"fnMap":{"0":{"name":"(anonymous_0)","decl":{"start":{"line":14,"column":2},"end":{"line":14,"column":3}},"loc":{"start":{"line":14,"column":21},"end":{"line":22,"column":3}},"line":14},"1":{"name":"(anonymous_1)","decl":{"start":{"line":24,"column":2},"end":{"line":24,"column":3}},"loc":{"start":{"line":24,"column":28},"end":{"line":27,"column":3}},"line":24},"2":{"name":"(anonymous_2)","decl":{"start":{"line":29,"column":17},"end":{"line":29,"column":18}},"loc":{"start":{"line":29,"column":23},"end":{"line":38,"column":3}},"line":29},"3":{"name":"(anonymous_3)","decl":{"start":{"line":31,"column":10},"end":{"line":31,"column":11}},"loc":{"start":{"line":31,"column":29},"end":{"line":37,"column":5}},"line":31},"4":{"name":"(anonymous_4)","decl":{"start":{"line":32,"column":28},"end":{"line":32,"column":29}},"loc":{"start":{"line":32,"column":37},"end":{"line":36,"column":7}},"line":32},"5":{"name":"(anonymous_5)","decl":{"start":{"line":40,"column":18},"end":{"line":40,"column":19}},"loc":{"start":{"line":40,"column":24},"end":{"line":48,"column":3}},"line":40},"6":{"name":"(anonymous_6)","decl":{"start":{"line":43,"column":12},"end":{"line":43,"column":13}},"loc":{"start":{"line":43,"column":18},"end":{"line":46,"column":7}},"line":43},"7":{"name":"(anonymous_7)","decl":{"start":{"line":47,"column":13},"end":{"line":47,"column":14}},"loc":{"start":{"line":47,"column":22},"end":{"line":47,"column":42}},"line":47},"8":{"name":"(anonymous_8)","decl":{"start":{"line":50,"column":21},"end":{"line":50,"column":22}},"loc":{"start":{"line":50,"column":27},"end":{"line":72,"column":3}},"line":50},"9":{"name":"(anonymous_9)","decl":{"start":{"line":52,"column":10},"end":{"line":52,"column":11}},"loc":{"start":{"line":52,"column":29},"end":{"line":71,"column":5}},"line":52},"10":{"name":"(anonymous_10)","decl":{"start":{"line":54,"column":28},"end":{"line":54,"column":29}},"loc":{"start":{"line":54,"column":37},"end":{"line":69,"column":7}},"line":54},"11":{"name":"(anonymous_11)","decl":{"start":{"line":74,"column":2},"end":{"line":74,"column":3}},"loc":{"start":{"line":74,"column":11},"end":{"line":222,"column":3}},"line":74},"12":{"name":"(anonymous_12)","decl":{"start":{"line":81,"column":39},"end":{"line":81,"column":40}},"loc":{"start":{"line":81,"column":45},"end":{"line":81,"column":68}},"line":81},"13":{"name":"(anonymous_13)","decl":{"start":{"line":168,"column":65},"end":{"line":168,"column":66}},"loc":{"start":{"line":168,"column":71},"end":{"line":168,"column":130}},"line":168},"14":{"name":"(anonymous_14)","decl":{"start":{"line":174,"column":41},"end":{"line":174,"column":42}},"loc":{"start":{"line":174,"column":56},"end":{"line":216,"column":17}},"line":174},"15":{"name":"(anonymous_15)","decl":{"start":{"line":187,"column":51},"end":{"line":187,"column":52}},"loc":{"start":{"line":187,"column":66},"end":{"line":198,"column":27}},"line":187},"16":{"name":"(anonymous_16)","decl":{"start":{"line":208,"column":80},"end":{"line":208,"column":81}},"loc":{"start":{"line":208,"column":86},"end":{"line":208,"column":145}},"line":208}},"branchMap":{"0":{"loc":{"start":{"line":34,"column":8},"end":{"line":35,"column":43}},"type":"if","locations":[{"start":{"line":34,"column":8},"end":{"line":35,"column":43}},{"start":{},"end":{}}],"line":34},"1":{"loc":{"start":{"line":34,"column":11},"end":{"line":34,"column":87}},"type":"binary-expr","locations":[{"start":{"line":34,"column":11},"end":{"line":34,"column":47}},{"start":{"line":34,"column":51},"end":{"line":34,"column":87}}],"line":34},"2":{"loc":{"start":{"line":56,"column":8},"end":{"line":68,"column":14}},"type":"if","locations":[{"start":{"line":56,"column":8},"end":{"line":68,"column":14}},{"start":{},"end":{}}],"line":56},"3":{"loc":{"start":{"line":178,"column":56},"end":{"line":178,"column":155}},"type":"cond-expr","locations":[{"start":{"line":178,"column":80},"end":{"line":178,"column":115}},{"start":{"line":178,"column":118},"end":{"line":178,"column":155}}],"line":178},"4":{"loc":{"start":{"line":193,"column":36},"end":{"line":193,"column":104}},"type":"cond-expr","locations":[{"start":{"line":193,"column":56},"end":{"line":193,"column":97}},{"start":{"line":193,"column":100},"end":{"line":193,"column":104}}],"line":193}},"s":{"0":0,"1":0,"2":0,"3":0,"4":0,"5":0,"6":0,"7":0,"8":0,"9":0,"10":0,"11":0,"12":0,"13":0,"14":0,"15":0,"16":0,"17":0,"18":0,"19":0,"20":0,"21":0,"22":0,"23":0,"24":0,"25":0,"26":0,"27":0,"28":0,"29":0,"30":1},"f":{"0":0,"1":0,"2":0,"3":0,"4":0,"5":0,"6":0,"7":0,"8":0,"9":0,"10":0,"11":0,"12":0,"13":0,"14":0,"15":0,"16":0},"b":{"0":[0,0],"1":[0,0],"2":[0,0],"3":[0,0],"4":[0,0]},"_coverageSchema":"1a1c01bbd47fc00a2c39e90264f33305004495a9","hash":"11252612d4dd53ceb2bf0d2a85724434890ffd7c"}
,"C:\\Users\\Jason\\Desktop\\Jason Folder\\Final-Year-Project\\Android\\App\\src\\screens\\Admin\\Comment.js": {"path":"C:\\Users\\Jason\\Desktop\\Jason Folder\\Final-Year-Project\\Android\\App\\src\\screens\\Admin\\Comment.js","statementMap":{"0":{"start":{"line":16,"column":4},"end":{"line":16,"column":17}},"1":{"start":{"line":18,"column":4},"end":{"line":21,"column":6}},"2":{"start":{"line":25,"column":4},"end":{"line":25,"column":34}},"3":{"start":{"line":28,"column":18},"end":{"line":36,"column":3}},"4":{"start":{"line":29,"column":4},"end":{"line":35,"column":43}},"5":{"start":{"line":32,"column":8},"end":{"line":32,"column":46}},"6":{"start":{"line":33,"column":8},"end":{"line":33,"column":42}},"7":{"start":{"line":35,"column":22},"end":{"line":35,"column":42}},"8":{"start":{"line":38,"column":21},"end":{"line":47,"column":3}},"9":{"start":{"line":39,"column":4},"end":{"line":46,"column":6}},"10":{"start":{"line":41,"column":6},"end":{"line":45,"column":9}},"11":{"start":{"line":42,"column":8},"end":{"line":44,"column":10}},"12":{"start":{"line":50,"column":27},"end":{"line":50,"column":37}},"13":{"start":{"line":52,"column":4},"end":{"line":158,"column":6}},"14":{"start":{"line":56,"column":45},"end":{"line":56,"column":68}},"15":{"start":{"line":83,"column":20},"end":{"line":92,"column":21}},"16":{"start":{"line":162,"column":15},"end":{"line":332,"column":2}}},"fnMap":{"0":{"name":"(anonymous_0)","decl":{"start":{"line":15,"column":2},"end":{"line":15,"column":3}},"loc":{"start":{"line":15,"column":21},"end":{"line":22,"column":3}},"line":15},"1":{"name":"(anonymous_1)","decl":{"start":{"line":24,"column":2},"end":{"line":24,"column":3}},"loc":{"start":{"line":24,"column":28},"end":{"line":26,"column":3}},"line":24},"2":{"name":"(anonymous_2)","decl":{"start":{"line":28,"column":18},"end":{"line":28,"column":19}},"loc":{"start":{"line":28,"column":24},"end":{"line":36,"column":3}},"line":28},"3":{"name":"(anonymous_3)","decl":{"start":{"line":31,"column":12},"end":{"line":31,"column":13}},"loc":{"start":{"line":31,"column":18},"end":{"line":34,"column":7}},"line":31},"4":{"name":"(anonymous_4)","decl":{"start":{"line":35,"column":13},"end":{"line":35,"column":14}},"loc":{"start":{"line":35,"column":22},"end":{"line":35,"column":42}},"line":35},"5":{"name":"(anonymous_5)","decl":{"start":{"line":38,"column":21},"end":{"line":38,"column":22}},"loc":{"start":{"line":38,"column":27},"end":{"line":47,"column":3}},"line":38},"6":{"name":"(anonymous_6)","decl":{"start":{"line":40,"column":10},"end":{"line":40,"column":11}},"loc":{"start":{"line":40,"column":21},"end":{"line":46,"column":5}},"line":40},"7":{"name":"(anonymous_7)","decl":{"start":{"line":41,"column":20},"end":{"line":41,"column":21}},"loc":{"start":{"line":41,"column":38},"end":{"line":45,"column":7}},"line":41},"8":{"name":"(anonymous_8)","decl":{"start":{"line":49,"column":2},"end":{"line":49,"column":3}},"loc":{"start":{"line":49,"column":11},"end":{"line":159,"column":3}},"line":49},"9":{"name":"(anonymous_9)","decl":{"start":{"line":56,"column":39},"end":{"line":56,"column":40}},"loc":{"start":{"line":56,"column":45},"end":{"line":56,"column":68}},"line":56},"10":{"name":"(anonymous_10)","decl":{"start":{"line":82,"column":45},"end":{"line":82,"column":46}},"loc":{"start":{"line":82,"column":60},"end":{"line":93,"column":21}},"line":82}},"branchMap":{"0":{"loc":{"start":{"line":88,"column":28},"end":{"line":88,"column":111}},"type":"cond-expr","locations":[{"start":{"line":88,"column":63},"end":{"line":88,"column":104}},{"start":{"line":88,"column":107},"end":{"line":88,"column":111}}],"line":88}},"s":{"0":0,"1":0,"2":0,"3":0,"4":0,"5":0,"6":0,"7":0,"8":0,"9":0,"10":0,"11":0,"12":0,"13":0,"14":0,"15":0,"16":1},"f":{"0":0,"1":0,"2":0,"3":0,"4":0,"5":0,"6":0,"7":0,"8":0,"9":0,"10":0},"b":{"0":[0,0]},"_coverageSchema":"1a1c01bbd47fc00a2c39e90264f33305004495a9","hash":"5ed851c635a313bac120b8b90bfc94ee6bc194bf"}
,"C:\\Users\\Jason\\Desktop\\Jason Folder\\Final-Year-Project\\Android\\App\\src\\screens\\Admin\\EditCar.js": {"path":"C:\\Users\\Jason\\Desktop\\Jason Folder\\Final-Year-Project\\Android\\App\\src\\screens\\Admin\\EditCar.js","statementMap":{"0":{"start":{"line":16,"column":4},"end":{"line":16,"column":17}},"1":{"start":{"line":18,"column":4},"end":{"line":27,"column":6}},"2":{"start":{"line":31,"column":4},"end":{"line":31,"column":30}},"3":{"start":{"line":34,"column":17},"end":{"line":50,"column":3}},"4":{"start":{"line":35,"column":4},"end":{"line":49,"column":6}},"5":{"start":{"line":37,"column":6},"end":{"line":48,"column":9}},"6":{"start":{"line":38,"column":8},"end":{"line":47,"column":10}},"7":{"start":{"line":52,"column":18},"end":{"line":67,"column":3}},"8":{"start":{"line":53,"column":4},"end":{"line":65,"column":41}},"9":{"start":{"line":65,"column":20},"end":{"line":65,"column":40}},"10":{"start":{"line":66,"column":4},"end":{"line":66,"column":45}},"11":{"start":{"line":69,"column":22},"end":{"line":71,"column":3}},"12":{"start":{"line":70,"column":4},"end":{"line":70,"column":35}},"13":{"start":{"line":73,"column":21},"end":{"line":75,"column":3}},"14":{"start":{"line":74,"column":4},"end":{"line":74,"column":33}},"15":{"start":{"line":77,"column":22},"end":{"line":79,"column":3}},"16":{"start":{"line":78,"column":4},"end":{"line":78,"column":35}},"17":{"start":{"line":81,"column":21},"end":{"line":83,"column":3}},"18":{"start":{"line":82,"column":4},"end":{"line":82,"column":33}},"19":{"start":{"line":85,"column":22},"end":{"line":87,"column":3}},"20":{"start":{"line":86,"column":4},"end":{"line":86,"column":35}},"21":{"start":{"line":89,"column":22},"end":{"line":91,"column":3}},"22":{"start":{"line":90,"column":4},"end":{"line":90,"column":35}},"23":{"start":{"line":93,"column":22},"end":{"line":95,"column":3}},"24":{"start":{"line":94,"column":4},"end":{"line":94,"column":35}},"25":{"start":{"line":97,"column":18},"end":{"line":105,"column":3}},"26":{"start":{"line":98,"column":4},"end":{"line":104,"column":43}},"27":{"start":{"line":101,"column":8},"end":{"line":101,"column":46}},"28":{"start":{"line":102,"column":8},"end":{"line":102,"column":42}},"29":{"start":{"line":104,"column":22},"end":{"line":104,"column":42}},"30":{"start":{"line":108,"column":27},"end":{"line":108,"column":37}},"31":{"start":{"line":110,"column":4},"end":{"line":206,"column":6}},"32":{"start":{"line":114,"column":45},"end":{"line":114,"column":68}},"33":{"start":{"line":210,"column":15},"end":{"line":380,"column":2}}},"fnMap":{"0":{"name":"(anonymous_0)","decl":{"start":{"line":15,"column":2},"end":{"line":15,"column":3}},"loc":{"start":{"line":15,"column":21},"end":{"line":28,"column":3}},"line":15},"1":{"name":"(anonymous_1)","decl":{"start":{"line":30,"column":2},"end":{"line":30,"column":3}},"loc":{"start":{"line":30,"column":28},"end":{"line":32,"column":3}},"line":30},"2":{"name":"(anonymous_2)","decl":{"start":{"line":34,"column":17},"end":{"line":34,"column":18}},"loc":{"start":{"line":34,"column":23},"end":{"line":50,"column":3}},"line":34},"3":{"name":"(anonymous_3)","decl":{"start":{"line":36,"column":10},"end":{"line":36,"column":11}},"loc":{"start":{"line":36,"column":17},"end":{"line":49,"column":5}},"line":36},"4":{"name":"(anonymous_4)","decl":{"start":{"line":37,"column":20},"end":{"line":37,"column":21}},"loc":{"start":{"line":37,"column":38},"end":{"line":48,"column":7}},"line":37},"5":{"name":"(anonymous_5)","decl":{"start":{"line":52,"column":18},"end":{"line":52,"column":19}},"loc":{"start":{"line":52,"column":24},"end":{"line":67,"column":3}},"line":52},"6":{"name":"(anonymous_6)","decl":{"start":{"line":65,"column":11},"end":{"line":65,"column":12}},"loc":{"start":{"line":65,"column":20},"end":{"line":65,"column":40}},"line":65},"7":{"name":"(anonymous_7)","decl":{"start":{"line":69,"column":22},"end":{"line":69,"column":23}},"loc":{"start":{"line":69,"column":33},"end":{"line":71,"column":3}},"line":69},"8":{"name":"(anonymous_8)","decl":{"start":{"line":73,"column":21},"end":{"line":73,"column":22}},"loc":{"start":{"line":73,"column":31},"end":{"line":75,"column":3}},"line":73},"9":{"name":"(anonymous_9)","decl":{"start":{"line":77,"column":22},"end":{"line":77,"column":23}},"loc":{"start":{"line":77,"column":33},"end":{"line":79,"column":3}},"line":77},"10":{"name":"(anonymous_10)","decl":{"start":{"line":81,"column":21},"end":{"line":81,"column":22}},"loc":{"start":{"line":81,"column":31},"end":{"line":83,"column":3}},"line":81},"11":{"name":"(anonymous_11)","decl":{"start":{"line":85,"column":22},"end":{"line":85,"column":23}},"loc":{"start":{"line":85,"column":33},"end":{"line":87,"column":3}},"line":85},"12":{"name":"(anonymous_12)","decl":{"start":{"line":89,"column":22},"end":{"line":89,"column":23}},"loc":{"start":{"line":89,"column":33},"end":{"line":91,"column":3}},"line":89},"13":{"name":"(anonymous_13)","decl":{"start":{"line":93,"column":22},"end":{"line":93,"column":23}},"loc":{"start":{"line":93,"column":33},"end":{"line":95,"column":3}},"line":93},"14":{"name":"(anonymous_14)","decl":{"start":{"line":97,"column":18},"end":{"line":97,"column":19}},"loc":{"start":{"line":97,"column":24},"end":{"line":105,"column":3}},"line":97},"15":{"name":"(anonymous_15)","decl":{"start":{"line":100,"column":12},"end":{"line":100,"column":13}},"loc":{"start":{"line":100,"column":18},"end":{"line":103,"column":7}},"line":100},"16":{"name":"(anonymous_16)","decl":{"start":{"line":104,"column":13},"end":{"line":104,"column":14}},"loc":{"start":{"line":104,"column":22},"end":{"line":104,"column":42}},"line":104},"17":{"name":"(anonymous_17)","decl":{"start":{"line":107,"column":2},"end":{"line":107,"column":3}},"loc":{"start":{"line":107,"column":11},"end":{"line":207,"column":3}},"line":107},"18":{"name":"(anonymous_18)","decl":{"start":{"line":114,"column":39},"end":{"line":114,"column":40}},"loc":{"start":{"line":114,"column":45},"end":{"line":114,"column":68}},"line":114}},"branchMap":{},"s":{"0":0,"1":0,"2":0,"3":0,"4":0,"5":0,"6":0,"7":0,"8":0,"9":0,"10":0,"11":0,"12":0,"13":0,"14":0,"15":0,"16":0,"17":0,"18":0,"19":0,"20":0,"21":0,"22":0,"23":0,"24":0,"25":0,"26":0,"27":0,"28":0,"29":0,"30":0,"31":0,"32":0,"33":1},"f":{"0":0,"1":0,"2":0,"3":0,"4":0,"5":0,"6":0,"7":0,"8":0,"9":0,"10":0,"11":0,"12":0,"13":0,"14":0,"15":0,"16":0,"17":0,"18":0},"b":{},"_coverageSchema":"1a1c01bbd47fc00a2c39e90264f33305004495a9","hash":"de018f46be3e97e27aea4e9b1dbfc0b0ca88db18"}
,"C:\\Users\\Jason\\Desktop\\Jason Folder\\Final-Year-Project\\Android\\App\\src\\screens\\Admin\\EditProfile.js": {"path":"C:\\Users\\Jason\\Desktop\\Jason Folder\\Final-Year-Project\\Android\\App\\src\\screens\\Admin\\EditProfile.js","statementMap":{"0":{"start":{"line":20,"column":4},"end":{"line":20,"column":17}},"1":{"start":{"line":22,"column":4},"end":{"line":35,"column":6}},"2":{"start":{"line":38,"column":26},"end":{"line":40,"column":3}},"3":{"start":{"line":39,"column":4},"end":{"line":39,"column":43}},"4":{"start":{"line":42,"column":25},"end":{"line":44,"column":3}},"5":{"start":{"line":43,"column":4},"end":{"line":43,"column":41}},"6":{"start":{"line":46,"column":23},"end":{"line":48,"column":3}},"7":{"start":{"line":47,"column":4},"end":{"line":47,"column":37}},"8":{"start":{"line":50,"column":20},"end":{"line":57,"column":3}},"9":{"start":{"line":51,"column":24},"end":{"line":51,"column":35}},"10":{"start":{"line":52,"column":4},"end":{"line":52,"column":34}},"11":{"start":{"line":53,"column":4},"end":{"line":53,"column":41}},"12":{"start":{"line":54,"column":15},"end":{"line":54,"column":36}},"13":{"start":{"line":55,"column":16},"end":{"line":55,"column":87}},"14":{"start":{"line":56,"column":4},"end":{"line":56,"column":34}},"15":{"start":{"line":59,"column":25},"end":{"line":61,"column":3}},"16":{"start":{"line":60,"column":4},"end":{"line":60,"column":41}},"17":{"start":{"line":63,"column":25},"end":{"line":65,"column":3}},"18":{"start":{"line":64,"column":4},"end":{"line":64,"column":41}},"19":{"start":{"line":67,"column":21},"end":{"line":69,"column":3}},"20":{"start":{"line":68,"column":4},"end":{"line":68,"column":33}},"21":{"start":{"line":71,"column":25},"end":{"line":73,"column":3}},"22":{"start":{"line":72,"column":4},"end":{"line":72,"column":41}},"23":{"start":{"line":75,"column":19},"end":{"line":91,"column":3}},"24":{"start":{"line":76,"column":4},"end":{"line":89,"column":41}},"25":{"start":{"line":89,"column":20},"end":{"line":89,"column":40}},"26":{"start":{"line":90,"column":4},"end":{"line":90,"column":46}},"27":{"start":{"line":93,"column":19},"end":{"line":95,"column":3}},"28":{"start":{"line":94,"column":4},"end":{"line":94,"column":33}},"29":{"start":{"line":97,"column":18},"end":{"line":105,"column":3}},"30":{"start":{"line":98,"column":4},"end":{"line":104,"column":43}},"31":{"start":{"line":101,"column":8},"end":{"line":101,"column":46}},"32":{"start":{"line":102,"column":8},"end":{"line":102,"column":42}},"33":{"start":{"line":104,"column":22},"end":{"line":104,"column":42}},"34":{"start":{"line":108,"column":27},"end":{"line":108,"column":37}},"35":{"start":{"line":109,"column":17},"end":{"line":112,"column":5}},"36":{"start":{"line":114,"column":4},"end":{"line":216,"column":6}},"37":{"start":{"line":118,"column":45},"end":{"line":118,"column":68}},"38":{"start":{"line":220,"column":15},"end":{"line":319,"column":2}}},"fnMap":{"0":{"name":"(anonymous_0)","decl":{"start":{"line":19,"column":2},"end":{"line":19,"column":3}},"loc":{"start":{"line":19,"column":21},"end":{"line":36,"column":3}},"line":19},"1":{"name":"(anonymous_1)","decl":{"start":{"line":38,"column":26},"end":{"line":38,"column":27}},"loc":{"start":{"line":38,"column":41},"end":{"line":40,"column":3}},"line":38},"2":{"name":"(anonymous_2)","decl":{"start":{"line":42,"column":25},"end":{"line":42,"column":26}},"loc":{"start":{"line":42,"column":39},"end":{"line":44,"column":3}},"line":42},"3":{"name":"(anonymous_3)","decl":{"start":{"line":46,"column":23},"end":{"line":46,"column":24}},"loc":{"start":{"line":46,"column":35},"end":{"line":48,"column":3}},"line":46},"4":{"name":"(anonymous_4)","decl":{"start":{"line":50,"column":20},"end":{"line":50,"column":21}},"loc":{"start":{"line":50,"column":36},"end":{"line":57,"column":3}},"line":50},"5":{"name":"(anonymous_5)","decl":{"start":{"line":59,"column":25},"end":{"line":59,"column":26}},"loc":{"start":{"line":59,"column":39},"end":{"line":61,"column":3}},"line":59},"6":{"name":"(anonymous_6)","decl":{"start":{"line":63,"column":25},"end":{"line":63,"column":26}},"loc":{"start":{"line":63,"column":39},"end":{"line":65,"column":3}},"line":63},"7":{"name":"(anonymous_7)","decl":{"start":{"line":67,"column":21},"end":{"line":67,"column":22}},"loc":{"start":{"line":67,"column":31},"end":{"line":69,"column":3}},"line":67},"8":{"name":"(anonymous_8)","decl":{"start":{"line":71,"column":25},"end":{"line":71,"column":26}},"loc":{"start":{"line":71,"column":39},"end":{"line":73,"column":3}},"line":71},"9":{"name":"(anonymous_9)","decl":{"start":{"line":75,"column":19},"end":{"line":75,"column":20}},"loc":{"start":{"line":75,"column":25},"end":{"line":91,"column":3}},"line":75},"10":{"name":"(anonymous_10)","decl":{"start":{"line":89,"column":11},"end":{"line":89,"column":12}},"loc":{"start":{"line":89,"column":20},"end":{"line":89,"column":40}},"line":89},"11":{"name":"(anonymous_11)","decl":{"start":{"line":93,"column":19},"end":{"line":93,"column":20}},"loc":{"start":{"line":93,"column":25},"end":{"line":95,"column":3}},"line":93},"12":{"name":"(anonymous_12)","decl":{"start":{"line":97,"column":18},"end":{"line":97,"column":19}},"loc":{"start":{"line":97,"column":24},"end":{"line":105,"column":3}},"line":97},"13":{"name":"(anonymous_13)","decl":{"start":{"line":100,"column":12},"end":{"line":100,"column":13}},"loc":{"start":{"line":100,"column":18},"end":{"line":103,"column":7}},"line":100},"14":{"name":"(anonymous_14)","decl":{"start":{"line":104,"column":13},"end":{"line":104,"column":14}},"loc":{"start":{"line":104,"column":22},"end":{"line":104,"column":42}},"line":104},"15":{"name":"(anonymous_15)","decl":{"start":{"line":107,"column":2},"end":{"line":107,"column":3}},"loc":{"start":{"line":107,"column":11},"end":{"line":217,"column":3}},"line":107},"16":{"name":"(anonymous_16)","decl":{"start":{"line":118,"column":39},"end":{"line":118,"column":40}},"loc":{"start":{"line":118,"column":45},"end":{"line":118,"column":68}},"line":118}},"branchMap":{"0":{"loc":{"start":{"line":51,"column":24},"end":{"line":51,"column":35}},"type":"binary-expr","locations":[{"start":{"line":51,"column":24},"end":{"line":51,"column":27}},{"start":{"line":51,"column":31},"end":{"line":51,"column":35}}],"line":51},"1":{"loc":{"start":{"line":174,"column":13},"end":{"line":183,"column":13}},"type":"binary-expr","locations":[{"start":{"line":174,"column":13},"end":{"line":174,"column":28}},{"start":{"line":175,"column":14},"end":{"line":182,"column":16}}],"line":174}},"s":{"0":0,"1":0,"2":0,"3":0,"4":0,"5":0,"6":0,"7":0,"8":0,"9":0,"10":0,"11":0,"12":0,"13":0,"14":0,"15":0,"16":0,"17":0,"18":0,"19":0,"20":0,"21":0,"22":0,"23":0,"24":0,"25":0,"26":0,"27":0,"28":0,"29":0,"30":0,"31":0,"32":0,"33":0,"34":0,"35":0,"36":0,"37":0,"38":1},"f":{"0":0,"1":0,"2":0,"3":0,"4":0,"5":0,"6":0,"7":0,"8":0,"9":0,"10":0,"11":0,"12":0,"13":0,"14":0,"15":0,"16":0},"b":{"0":[0,0],"1":[0,0]},"_coverageSchema":"1a1c01bbd47fc00a2c39e90264f33305004495a9","hash":"5d467afec0db1529feab894801f38efd4efb3701"}
,"C:\\Users\\Jason\\Desktop\\Jason Folder\\Final-Year-Project\\Android\\App\\src\\screens\\Admin\\Home.js": {"path":"C:\\Users\\Jason\\Desktop\\Jason Folder\\Final-Year-Project\\Android\\App\\src\\screens\\Admin\\Home.js","statementMap":{"0":{"start":{"line":9,"column":4},"end":{"line":9,"column":17}},"1":{"start":{"line":11,"column":4},"end":{"line":16,"column":6}},"2":{"start":{"line":20,"column":23},"end":{"line":20,"column":78}},"3":{"start":{"line":21,"column":4},"end":{"line":21,"column":31}},"4":{"start":{"line":22,"column":4},"end":{"line":27,"column":7}},"5":{"start":{"line":23,"column":6},"end":{"line":26,"column":8}},"6":{"start":{"line":30,"column":18},"end":{"line":39,"column":3}},"7":{"start":{"line":31,"column":4},"end":{"line":38,"column":6}},"8":{"start":{"line":33,"column":6},"end":{"line":37,"column":9}},"9":{"start":{"line":34,"column":8},"end":{"line":36,"column":10}},"10":{"start":{"line":41,"column":16},"end":{"line":46,"column":3}},"11":{"start":{"line":42,"column":17},"end":{"line":44,"column":6}},"12":{"start":{"line":45,"column":4},"end":{"line":45,"column":18}},"13":{"start":{"line":48,"column":14},"end":{"line":76,"column":3}},"14":{"start":{"line":49,"column":4},"end":{"line":54,"column":7}},"15":{"start":{"line":50,"column":6},"end":{"line":53,"column":8}},"16":{"start":{"line":55,"column":17},"end":{"line":58,"column":6}},"17":{"start":{"line":59,"column":4},"end":{"line":61,"column":5}},"18":{"start":{"line":60,"column":6},"end":{"line":60,"column":13}},"19":{"start":{"line":62,"column":4},"end":{"line":75,"column":5}},"20":{"start":{"line":63,"column":6},"end":{"line":67,"column":9}},"21":{"start":{"line":69,"column":19},"end":{"line":69,"column":53}},"22":{"start":{"line":70,"column":6},"end":{"line":74,"column":9}},"23":{"start":{"line":78,"column":13},"end":{"line":107,"column":3}},"24":{"start":{"line":79,"column":15},"end":{"line":79,"column":29}},"25":{"start":{"line":80,"column":17},"end":{"line":80,"column":26}},"26":{"start":{"line":81,"column":15},"end":{"line":81,"column":28}},"27":{"start":{"line":82,"column":16},"end":{"line":82,"column":18}},"28":{"start":{"line":83,"column":15},"end":{"line":83,"column":21}},"29":{"start":{"line":84,"column":14},"end":{"line":84,"column":16}},"30":{"start":{"line":85,"column":23},"end":{"line":85,"column":25}},"31":{"start":{"line":86,"column":4},"end":{"line":88,"column":59}},"32":{"start":{"line":89,"column":4},"end":{"line":89,"column":45}},"33":{"start":{"line":91,"column":19},"end":{"line":97,"column":6}},"34":{"start":{"line":99,"column":4},"end":{"line":99,"column":34}},"35":{"start":{"line":100,"column":4},"end":{"line":100,"column":31}},"36":{"start":{"line":101,"column":4},"end":{"line":105,"column":6}},"37":{"start":{"line":102,"column":6},"end":{"line":104,"column":8}},"38":{"start":{"line":106,"column":4},"end":{"line":106,"column":71}},"39":{"start":{"line":109,"column":18},"end":{"line":117,"column":3}},"40":{"start":{"line":110,"column":4},"end":{"line":116,"column":43}},"41":{"start":{"line":113,"column":8},"end":{"line":113,"column":46}},"42":{"start":{"line":114,"column":8},"end":{"line":114,"column":42}},"43":{"start":{"line":116,"column":22},"end":{"line":116,"column":42}},"44":{"start":{"line":121,"column":27},"end":{"line":121,"column":37}},"45":{"start":{"line":123,"column":4},"end":{"line":158,"column":6}},"46":{"start":{"line":127,"column":43},"end":{"line":127,"column":66}},"47":{"start":{"line":146,"column":14},"end":{"line":146,"column":37}},"48":{"start":{"line":147,"column":14},"end":{"line":152,"column":17}},"49":{"start":{"line":148,"column":16},"end":{"line":151,"column":18}},"50":{"start":{"line":162,"column":15},"end":{"line":213,"column":2}}},"fnMap":{"0":{"name":"(anonymous_0)","decl":{"start":{"line":8,"column":2},"end":{"line":8,"column":3}},"loc":{"start":{"line":8,"column":21},"end":{"line":17,"column":3}},"line":8},"1":{"name":"(anonymous_1)","decl":{"start":{"line":19,"column":2},"end":{"line":19,"column":3}},"loc":{"start":{"line":19,"column":28},"end":{"line":28,"column":3}},"line":19},"2":{"name":"(anonymous_2)","decl":{"start":{"line":22,"column":18},"end":{"line":22,"column":19}},"loc":{"start":{"line":22,"column":36},"end":{"line":27,"column":5}},"line":22},"3":{"name":"(anonymous_3)","decl":{"start":{"line":30,"column":18},"end":{"line":30,"column":19}},"loc":{"start":{"line":30,"column":24},"end":{"line":39,"column":3}},"line":30},"4":{"name":"(anonymous_4)","decl":{"start":{"line":32,"column":10},"end":{"line":32,"column":11}},"loc":{"start":{"line":32,"column":18},"end":{"line":38,"column":5}},"line":32},"5":{"name":"(anonymous_5)","decl":{"start":{"line":33,"column":20},"end":{"line":33,"column":21}},"loc":{"start":{"line":33,"column":38},"end":{"line":37,"column":7}},"line":33},"6":{"name":"(anonymous_6)","decl":{"start":{"line":41,"column":16},"end":{"line":41,"column":17}},"loc":{"start":{"line":41,"column":31},"end":{"line":46,"column":3}},"line":41},"7":{"name":"(anonymous_7)","decl":{"start":{"line":48,"column":14},"end":{"line":48,"column":15}},"loc":{"start":{"line":48,"column":26},"end":{"line":76,"column":3}},"line":48},"8":{"name":"(anonymous_8)","decl":{"start":{"line":49,"column":18},"end":{"line":49,"column":19}},"loc":{"start":{"line":49,"column":36},"end":{"line":54,"column":5}},"line":49},"9":{"name":"(anonymous_9)","decl":{"start":{"line":78,"column":13},"end":{"line":78,"column":14}},"loc":{"start":{"line":78,"column":34},"end":{"line":107,"column":3}},"line":78},"10":{"name":"(anonymous_10)","decl":{"start":{"line":101,"column":18},"end":{"line":101,"column":19}},"loc":{"start":{"line":101,"column":36},"end":{"line":105,"column":5}},"line":101},"11":{"name":"(anonymous_11)","decl":{"start":{"line":109,"column":18},"end":{"line":109,"column":19}},"loc":{"start":{"line":109,"column":24},"end":{"line":117,"column":3}},"line":109},"12":{"name":"(anonymous_12)","decl":{"start":{"line":112,"column":12},"end":{"line":112,"column":13}},"loc":{"start":{"line":112,"column":18},"end":{"line":115,"column":7}},"line":112},"13":{"name":"(anonymous_13)","decl":{"start":{"line":116,"column":13},"end":{"line":116,"column":14}},"loc":{"start":{"line":116,"column":22},"end":{"line":116,"column":42}},"line":116},"14":{"name":"(anonymous_14)","decl":{"start":{"line":120,"column":2},"end":{"line":120,"column":3}},"loc":{"start":{"line":120,"column":11},"end":{"line":159,"column":3}},"line":120},"15":{"name":"(anonymous_15)","decl":{"start":{"line":127,"column":37},"end":{"line":127,"column":38}},"loc":{"start":{"line":127,"column":43},"end":{"line":127,"column":66}},"line":127},"16":{"name":"(anonymous_16)","decl":{"start":{"line":145,"column":21},"end":{"line":145,"column":22}},"loc":{"start":{"line":145,"column":33},"end":{"line":153,"column":13}},"line":145},"17":{"name":"(anonymous_17)","decl":{"start":{"line":147,"column":28},"end":{"line":147,"column":29}},"loc":{"start":{"line":147,"column":38},"end":{"line":152,"column":15}},"line":147}},"branchMap":{"0":{"loc":{"start":{"line":59,"column":4},"end":{"line":61,"column":5}},"type":"if","locations":[{"start":{"line":59,"column":4},"end":{"line":61,"column":5}},{"start":{},"end":{}}],"line":59},"1":{"loc":{"start":{"line":62,"column":4},"end":{"line":75,"column":5}},"type":"if","locations":[{"start":{"line":62,"column":4},"end":{"line":75,"column":5}},{"start":{"line":68,"column":11},"end":{"line":75,"column":5}}],"line":62},"2":{"loc":{"start":{"line":86,"column":4},"end":{"line":88,"column":58}},"type":"cond-expr","locations":[{"start":{"line":87,"column":9},"end":{"line":87,"column":58}},{"start":{"line":88,"column":9},"end":{"line":88,"column":57}}],"line":86}},"s":{"0":0,"1":0,"2":0,"3":0,"4":0,"5":0,"6":0,"7":0,"8":0,"9":0,"10":0,"11":0,"12":0,"13":0,"14":0,"15":0,"16":0,"17":0,"18":0,"19":0,"20":0,"21":0,"22":0,"23":0,"24":0,"25":0,"26":0,"27":0,"28":0,"29":0,"30":0,"31":0,"32":0,"33":0,"34":0,"35":0,"36":0,"37":0,"38":0,"39":0,"40":0,"41":0,"42":0,"43":0,"44":0,"45":0,"46":0,"47":0,"48":0,"49":0,"50":1},"f":{"0":0,"1":0,"2":0,"3":0,"4":0,"5":0,"6":0,"7":0,"8":0,"9":0,"10":0,"11":0,"12":0,"13":0,"14":0,"15":0,"16":0,"17":0},"b":{"0":[0,0],"1":[0,0],"2":[0,0]},"_coverageSchema":"1a1c01bbd47fc00a2c39e90264f33305004495a9","hash":"7af8fd314dd936b6f55b0991d6561c920131151e"}
,"C:\\Users\\Jason\\Desktop\\Jason Folder\\Final-Year-Project\\Android\\App\\src\\screens\\Admin\\User.js": {"path":"C:\\Users\\Jason\\Desktop\\Jason Folder\\Final-Year-Project\\Android\\App\\src\\screens\\Admin\\User.js","statementMap":{"0":{"start":{"line":7,"column":4},"end":{"line":7,"column":17}},"1":{"start":{"line":9,"column":4},"end":{"line":11,"column":6}},"2":{"start":{"line":15,"column":4},"end":{"line":15,"column":31}},"3":{"start":{"line":18,"column":18},"end":{"line":27,"column":3}},"4":{"start":{"line":19,"column":4},"end":{"line":26,"column":6}},"5":{"start":{"line":21,"column":6},"end":{"line":25,"column":9}},"6":{"start":{"line":22,"column":8},"end":{"line":24,"column":10}},"7":{"start":{"line":29,"column":18},"end":{"line":37,"column":3}},"8":{"start":{"line":30,"column":4},"end":{"line":36,"column":43}},"9":{"start":{"line":33,"column":8},"end":{"line":33,"column":46}},"10":{"start":{"line":34,"column":8},"end":{"line":34,"column":42}},"11":{"start":{"line":36,"column":22},"end":{"line":36,"column":42}},"12":{"start":{"line":39,"column":17},"end":{"line":73,"column":3}},"13":{"start":{"line":40,"column":4},"end":{"line":71,"column":5}},"14":{"start":{"line":41,"column":6},"end":{"line":54,"column":43}},"15":{"start":{"line":54,"column":22},"end":{"line":54,"column":42}},"16":{"start":{"line":57,"column":8},"end":{"line":70,"column":47}},"17":{"start":{"line":70,"column":26},"end":{"line":70,"column":46}},"18":{"start":{"line":72,"column":4},"end":{"line":72,"column":46}},"19":{"start":{"line":76,"column":27},"end":{"line":76,"column":37}},"20":{"start":{"line":78,"column":4},"end":{"line":189,"column":6}},"21":{"start":{"line":82,"column":45},"end":{"line":82,"column":68}},"22":{"start":{"line":179,"column":73},"end":{"line":179,"column":143}},"23":{"start":{"line":193,"column":15},"end":{"line":282,"column":2}}},"fnMap":{"0":{"name":"(anonymous_0)","decl":{"start":{"line":6,"column":2},"end":{"line":6,"column":3}},"loc":{"start":{"line":6,"column":21},"end":{"line":12,"column":3}},"line":6},"1":{"name":"(anonymous_1)","decl":{"start":{"line":14,"column":2},"end":{"line":14,"column":3}},"loc":{"start":{"line":14,"column":28},"end":{"line":16,"column":3}},"line":14},"2":{"name":"(anonymous_2)","decl":{"start":{"line":18,"column":18},"end":{"line":18,"column":19}},"loc":{"start":{"line":18,"column":24},"end":{"line":27,"column":3}},"line":18},"3":{"name":"(anonymous_3)","decl":{"start":{"line":20,"column":10},"end":{"line":20,"column":11}},"loc":{"start":{"line":20,"column":18},"end":{"line":26,"column":5}},"line":20},"4":{"name":"(anonymous_4)","decl":{"start":{"line":21,"column":20},"end":{"line":21,"column":21}},"loc":{"start":{"line":21,"column":38},"end":{"line":25,"column":7}},"line":21},"5":{"name":"(anonymous_5)","decl":{"start":{"line":29,"column":18},"end":{"line":29,"column":19}},"loc":{"start":{"line":29,"column":24},"end":{"line":37,"column":3}},"line":29},"6":{"name":"(anonymous_6)","decl":{"start":{"line":32,"column":12},"end":{"line":32,"column":13}},"loc":{"start":{"line":32,"column":18},"end":{"line":35,"column":7}},"line":32},"7":{"name":"(anonymous_7)","decl":{"start":{"line":36,"column":13},"end":{"line":36,"column":14}},"loc":{"start":{"line":36,"column":22},"end":{"line":36,"column":42}},"line":36},"8":{"name":"(anonymous_8)","decl":{"start":{"line":39,"column":17},"end":{"line":39,"column":18}},"loc":{"start":{"line":39,"column":23},"end":{"line":73,"column":3}},"line":39},"9":{"name":"(anonymous_9)","decl":{"start":{"line":54,"column":13},"end":{"line":54,"column":14}},"loc":{"start":{"line":54,"column":22},"end":{"line":54,"column":42}},"line":54},"10":{"name":"(anonymous_10)","decl":{"start":{"line":70,"column":17},"end":{"line":70,"column":18}},"loc":{"start":{"line":70,"column":26},"end":{"line":70,"column":46}},"line":70},"11":{"name":"(anonymous_11)","decl":{"start":{"line":75,"column":2},"end":{"line":75,"column":3}},"loc":{"start":{"line":75,"column":11},"end":{"line":190,"column":3}},"line":75},"12":{"name":"(anonymous_12)","decl":{"start":{"line":82,"column":39},"end":{"line":82,"column":40}},"loc":{"start":{"line":82,"column":45},"end":{"line":82,"column":68}},"line":82},"13":{"name":"(anonymous_13)","decl":{"start":{"line":179,"column":67},"end":{"line":179,"column":68}},"loc":{"start":{"line":179,"column":73},"end":{"line":179,"column":143}},"line":179}},"branchMap":{"0":{"loc":{"start":{"line":40,"column":4},"end":{"line":71,"column":5}},"type":"if","locations":[{"start":{"line":40,"column":4},"end":{"line":71,"column":5}},{"start":{"line":56,"column":9},"end":{"line":71,"column":5}}],"line":40},"1":{"loc":{"start":{"line":183,"column":47},"end":{"line":183,"column":106}},"type":"cond-expr","locations":[{"start":{"line":183,"column":85},"end":{"line":183,"column":95}},{"start":{"line":183,"column":98},"end":{"line":183,"column":106}}],"line":183}},"s":{"0":0,"1":0,"2":0,"3":0,"4":0,"5":0,"6":0,"7":0,"8":0,"9":0,"10":0,"11":0,"12":0,"13":0,"14":0,"15":0,"16":0,"17":0,"18":0,"19":0,"20":0,"21":0,"22":0,"23":1},"f":{"0":0,"1":0,"2":0,"3":0,"4":0,"5":0,"6":0,"7":0,"8":0,"9":0,"10":0,"11":0,"12":0,"13":0},"b":{"0":[0,0],"1":[0,0]},"_coverageSchema":"1a1c01bbd47fc00a2c39e90264f33305004495a9","hash":"03cd0b2222c2dff16e1f209664d41864d24d818b"}
,"C:\\Users\\Jason\\Desktop\\Jason Folder\\Final-Year-Project\\Android\\App\\src\\screens\\Admin\\ViewCar.js": {"path":"C:\\Users\\Jason\\Desktop\\Jason Folder\\Final-Year-Project\\Android\\App\\src\\screens\\Admin\\ViewCar.js","statementMap":{"0":{"start":{"line":7,"column":4},"end":{"line":7,"column":17}},"1":{"start":{"line":9,"column":4},"end":{"line":11,"column":6}},"2":{"start":{"line":14,"column":18},"end":{"line":22,"column":3}},"3":{"start":{"line":15,"column":4},"end":{"line":21,"column":43}},"4":{"start":{"line":18,"column":8},"end":{"line":18,"column":46}},"5":{"start":{"line":19,"column":8},"end":{"line":19,"column":42}},"6":{"start":{"line":21,"column":22},"end":{"line":21,"column":42}},"7":{"start":{"line":25,"column":4},"end":{"line":25,"column":30}},"8":{"start":{"line":28,"column":17},"end":{"line":49,"column":3}},"9":{"start":{"line":29,"column":4},"end":{"line":48,"column":6}},"10":{"start":{"line":31,"column":19},"end":{"line":31,"column":21}},"11":{"start":{"line":32,"column":6},"end":{"line":46,"column":8}},"12":{"start":{"line":33,"column":83},"end":{"line":33,"column":93}},"13":{"start":{"line":34,"column":8},"end":{"line":45,"column":10}},"14":{"start":{"line":47,"column":6},"end":{"line":47,"column":34}},"15":{"start":{"line":52,"column":27},"end":{"line":52,"column":37}},"16":{"start":{"line":53,"column":4},"end":{"line":110,"column":6}},"17":{"start":{"line":57,"column":45},"end":{"line":57,"column":68}},"18":{"start":{"line":81,"column":16},"end":{"line":104,"column":17}},"19":{"start":{"line":95,"column":79},"end":{"line":95,"column":130}},"20":{"start":{"line":98,"column":79},"end":{"line":98,"column":128}},"21":{"start":{"line":114,"column":15},"end":{"line":221,"column":2}}},"fnMap":{"0":{"name":"(anonymous_0)","decl":{"start":{"line":6,"column":2},"end":{"line":6,"column":3}},"loc":{"start":{"line":6,"column":21},"end":{"line":12,"column":3}},"line":6},"1":{"name":"(anonymous_1)","decl":{"start":{"line":14,"column":18},"end":{"line":14,"column":19}},"loc":{"start":{"line":14,"column":24},"end":{"line":22,"column":3}},"line":14},"2":{"name":"(anonymous_2)","decl":{"start":{"line":17,"column":12},"end":{"line":17,"column":13}},"loc":{"start":{"line":17,"column":18},"end":{"line":20,"column":7}},"line":17},"3":{"name":"(anonymous_3)","decl":{"start":{"line":21,"column":13},"end":{"line":21,"column":14}},"loc":{"start":{"line":21,"column":22},"end":{"line":21,"column":42}},"line":21},"4":{"name":"(anonymous_4)","decl":{"start":{"line":24,"column":2},"end":{"line":24,"column":3}},"loc":{"start":{"line":24,"column":28},"end":{"line":26,"column":3}},"line":24},"5":{"name":"(anonymous_5)","decl":{"start":{"line":28,"column":17},"end":{"line":28,"column":18}},"loc":{"start":{"line":28,"column":23},"end":{"line":49,"column":3}},"line":28},"6":{"name":"(anonymous_6)","decl":{"start":{"line":30,"column":10},"end":{"line":30,"column":11}},"loc":{"start":{"line":30,"column":29},"end":{"line":48,"column":5}},"line":30},"7":{"name":"(anonymous_7)","decl":{"start":{"line":32,"column":28},"end":{"line":32,"column":29}},"loc":{"start":{"line":32,"column":37},"end":{"line":46,"column":7}},"line":32},"8":{"name":"(anonymous_8)","decl":{"start":{"line":51,"column":2},"end":{"line":51,"column":3}},"loc":{"start":{"line":51,"column":11},"end":{"line":111,"column":3}},"line":51},"9":{"name":"(anonymous_9)","decl":{"start":{"line":57,"column":39},"end":{"line":57,"column":40}},"loc":{"start":{"line":57,"column":45},"end":{"line":57,"column":68}},"line":57},"10":{"name":"(anonymous_10)","decl":{"start":{"line":80,"column":34},"end":{"line":80,"column":35}},"loc":{"start":{"line":80,"column":49},"end":{"line":105,"column":15}},"line":80},"11":{"name":"(anonymous_11)","decl":{"start":{"line":95,"column":73},"end":{"line":95,"column":74}},"loc":{"start":{"line":95,"column":79},"end":{"line":95,"column":130}},"line":95},"12":{"name":"(anonymous_12)","decl":{"start":{"line":98,"column":73},"end":{"line":98,"column":74}},"loc":{"start":{"line":98,"column":79},"end":{"line":98,"column":128}},"line":98}},"branchMap":{},"s":{"0":0,"1":0,"2":0,"3":0,"4":0,"5":0,"6":0,"7":0,"8":0,"9":0,"10":0,"11":0,"12":0,"13":0,"14":0,"15":0,"16":0,"17":0,"18":0,"19":0,"20":0,"21":1},"f":{"0":0,"1":0,"2":0,"3":0,"4":0,"5":0,"6":0,"7":0,"8":0,"9":0,"10":0,"11":0,"12":0},"b":{},"_coverageSchema":"1a1c01bbd47fc00a2c39e90264f33305004495a9","hash":"2156733cf6862fad58f65a56e170a3f01eb99a2c"}
,"C:\\Users\\Jason\\Desktop\\Jason Folder\\Final-Year-Project\\Android\\App\\src\\screens\\Admin\\ViewComment.js": {"path":"C:\\Users\\Jason\\Desktop\\Jason Folder\\Final-Year-Project\\Android\\App\\src\\screens\\Admin\\ViewComment.js","statementMap":{"0":{"start":{"line":7,"column":4},"end":{"line":7,"column":17}},"1":{"start":{"line":9,"column":4},"end":{"line":11,"column":6}},"2":{"start":{"line":15,"column":4},"end":{"line":15,"column":34}},"3":{"start":{"line":18,"column":18},"end":{"line":26,"column":3}},"4":{"start":{"line":19,"column":4},"end":{"line":25,"column":43}},"5":{"start":{"line":22,"column":8},"end":{"line":22,"column":46}},"6":{"start":{"line":23,"column":8},"end":{"line":23,"column":42}},"7":{"start":{"line":25,"column":22},"end":{"line":25,"column":42}},"8":{"start":{"line":28,"column":21},"end":{"line":50,"column":3}},"9":{"start":{"line":29,"column":4},"end":{"line":49,"column":6}},"10":{"start":{"line":31,"column":23},"end":{"line":31,"column":25}},"11":{"start":{"line":32,"column":6},"end":{"line":47,"column":8}},"12":{"start":{"line":33,"column":107},"end":{"line":33,"column":117}},"13":{"start":{"line":34,"column":8},"end":{"line":46,"column":10}},"14":{"start":{"line":48,"column":6},"end":{"line":48,"column":45}},"15":{"start":{"line":52,"column":24},"end":{"line":84,"column":3}},"16":{"start":{"line":53,"column":4},"end":{"line":82,"column":5}},"17":{"start":{"line":54,"column":6},"end":{"line":66,"column":43}},"18":{"start":{"line":66,"column":22},"end":{"line":66,"column":42}},"19":{"start":{"line":69,"column":6},"end":{"line":81,"column":43}},"20":{"start":{"line":81,"column":22},"end":{"line":81,"column":42}},"21":{"start":{"line":83,"column":4},"end":{"line":83,"column":45}},"22":{"start":{"line":87,"column":27},"end":{"line":87,"column":37}},"23":{"start":{"line":89,"column":4},"end":{"line":146,"column":6}},"24":{"start":{"line":93,"column":45},"end":{"line":93,"column":68}},"25":{"start":{"line":117,"column":14},"end":{"line":140,"column":17}},"26":{"start":{"line":131,"column":77},"end":{"line":131,"column":140}},"27":{"start":{"line":134,"column":77},"end":{"line":134,"column":107}},"28":{"start":{"line":150,"column":15},"end":{"line":260,"column":2}}},"fnMap":{"0":{"name":"(anonymous_0)","decl":{"start":{"line":6,"column":2},"end":{"line":6,"column":3}},"loc":{"start":{"line":6,"column":21},"end":{"line":12,"column":3}},"line":6},"1":{"name":"(anonymous_1)","decl":{"start":{"line":14,"column":2},"end":{"line":14,"column":3}},"loc":{"start":{"line":14,"column":28},"end":{"line":16,"column":3}},"line":14},"2":{"name":"(anonymous_2)","decl":{"start":{"line":18,"column":18},"end":{"line":18,"column":19}},"loc":{"start":{"line":18,"column":24},"end":{"line":26,"column":3}},"line":18},"3":{"name":"(anonymous_3)","decl":{"start":{"line":21,"column":12},"end":{"line":21,"column":13}},"loc":{"start":{"line":21,"column":18},"end":{"line":24,"column":7}},"line":21},"4":{"name":"(anonymous_4)","decl":{"start":{"line":25,"column":13},"end":{"line":25,"column":14}},"loc":{"start":{"line":25,"column":22},"end":{"line":25,"column":42}},"line":25},"5":{"name":"(anonymous_5)","decl":{"start":{"line":28,"column":21},"end":{"line":28,"column":22}},"loc":{"start":{"line":28,"column":27},"end":{"line":50,"column":3}},"line":28},"6":{"name":"(anonymous_6)","decl":{"start":{"line":30,"column":10},"end":{"line":30,"column":11}},"loc":{"start":{"line":30,"column":29},"end":{"line":49,"column":5}},"line":30},"7":{"name":"(anonymous_7)","decl":{"start":{"line":32,"column":28},"end":{"line":32,"column":29}},"loc":{"start":{"line":32,"column":37},"end":{"line":47,"column":7}},"line":32},"8":{"name":"(anonymous_8)","decl":{"start":{"line":52,"column":24},"end":{"line":52,"column":25}},"loc":{"start":{"line":52,"column":34},"end":{"line":84,"column":3}},"line":52},"9":{"name":"(anonymous_9)","decl":{"start":{"line":66,"column":13},"end":{"line":66,"column":14}},"loc":{"start":{"line":66,"column":22},"end":{"line":66,"column":42}},"line":66},"10":{"name":"(anonymous_10)","decl":{"start":{"line":81,"column":13},"end":{"line":81,"column":14}},"loc":{"start":{"line":81,"column":22},"end":{"line":81,"column":42}},"line":81},"11":{"name":"(anonymous_11)","decl":{"start":{"line":86,"column":2},"end":{"line":86,"column":3}},"loc":{"start":{"line":86,"column":11},"end":{"line":147,"column":3}},"line":86},"12":{"name":"(anonymous_12)","decl":{"start":{"line":93,"column":39},"end":{"line":93,"column":40}},"loc":{"start":{"line":93,"column":45},"end":{"line":93,"column":68}},"line":93},"13":{"name":"(anonymous_13)","decl":{"start":{"line":116,"column":39},"end":{"line":116,"column":40}},"loc":{"start":{"line":116,"column":54},"end":{"line":141,"column":15}},"line":116},"14":{"name":"(anonymous_14)","decl":{"start":{"line":131,"column":71},"end":{"line":131,"column":72}},"loc":{"start":{"line":131,"column":77},"end":{"line":131,"column":140}},"line":131},"15":{"name":"(anonymous_15)","decl":{"start":{"line":134,"column":71},"end":{"line":134,"column":72}},"loc":{"start":{"line":134,"column":77},"end":{"line":134,"column":107}},"line":134}},"branchMap":{"0":{"loc":{"start":{"line":53,"column":4},"end":{"line":82,"column":5}},"type":"if","locations":[{"start":{"line":53,"column":4},"end":{"line":82,"column":5}},{"start":{"line":68,"column":9},"end":{"line":82,"column":5}}],"line":53},"1":{"loc":{"start":{"line":120,"column":54},"end":{"line":120,"column":153}},"type":"cond-expr","locations":[{"start":{"line":120,"column":78},"end":{"line":120,"column":113}},{"start":{"line":120,"column":116},"end":{"line":120,"column":153}}],"line":120},"2":{"loc":{"start":{"line":135,"column":52},"end":{"line":135,"column":91}},"type":"cond-expr","locations":[{"start":{"line":135,"column":76},"end":{"line":135,"column":82}},{"start":{"line":135,"column":85},"end":{"line":135,"column":91}}],"line":135}},"s":{"0":0,"1":0,"2":0,"3":0,"4":0,"5":0,"6":0,"7":0,"8":0,"9":0,"10":0,"11":0,"12":0,"13":0,"14":0,"15":0,"16":0,"17":0,"18":0,"19":0,"20":0,"21":0,"22":0,"23":0,"24":0,"25":0,"26":0,"27":0,"28":1},"f":{"0":0,"1":0,"2":0,"3":0,"4":0,"5":0,"6":0,"7":0,"8":0,"9":0,"10":0,"11":0,"12":0,"13":0,"14":0,"15":0},"b":{"0":[0,0],"1":[0,0],"2":[0,0]},"_coverageSchema":"1a1c01bbd47fc00a2c39e90264f33305004495a9","hash":"dac26e3b01aeb2aaefce13738f5f4bc504b4cc99"}
,"C:\\Users\\Jason\\Desktop\\Jason Folder\\Final-Year-Project\\Android\\App\\src\\screens\\Admin\\ViewUser.js": {"path":"C:\\Users\\Jason\\Desktop\\Jason Folder\\Final-Year-Project\\Android\\App\\src\\screens\\Admin\\ViewUser.js","statementMap":{"0":{"start":{"line":8,"column":4},"end":{"line":8,"column":17}},"1":{"start":{"line":10,"column":4},"end":{"line":12,"column":6}},"2":{"start":{"line":16,"column":4},"end":{"line":16,"column":31}},"3":{"start":{"line":19,"column":18},"end":{"line":42,"column":3}},"4":{"start":{"line":20,"column":4},"end":{"line":41,"column":6}},"5":{"start":{"line":22,"column":20},"end":{"line":22,"column":22}},"6":{"start":{"line":23,"column":6},"end":{"line":39,"column":8}},"7":{"start":{"line":24,"column":98},"end":{"line":24,"column":108}},"8":{"start":{"line":25,"column":8},"end":{"line":38,"column":12}},"9":{"start":{"line":26,"column":10},"end":{"line":38,"column":12}},"10":{"start":{"line":40,"column":6},"end":{"line":40,"column":36}},"11":{"start":{"line":44,"column":18},"end":{"line":52,"column":3}},"12":{"start":{"line":45,"column":4},"end":{"line":51,"column":43}},"13":{"start":{"line":48,"column":8},"end":{"line":48,"column":46}},"14":{"start":{"line":49,"column":8},"end":{"line":49,"column":42}},"15":{"start":{"line":51,"column":22},"end":{"line":51,"column":42}},"16":{"start":{"line":56,"column":27},"end":{"line":56,"column":37}},"17":{"start":{"line":58,"column":4},"end":{"line":116,"column":6}},"18":{"start":{"line":62,"column":45},"end":{"line":62,"column":68}},"19":{"start":{"line":86,"column":14},"end":{"line":110,"column":15}},"20":{"start":{"line":101,"column":75},"end":{"line":101,"column":123}},"21":{"start":{"line":104,"column":75},"end":{"line":104,"column":123}},"22":{"start":{"line":120,"column":15},"end":{"line":232,"column":2}}},"fnMap":{"0":{"name":"(anonymous_0)","decl":{"start":{"line":7,"column":2},"end":{"line":7,"column":3}},"loc":{"start":{"line":7,"column":21},"end":{"line":13,"column":3}},"line":7},"1":{"name":"(anonymous_1)","decl":{"start":{"line":15,"column":2},"end":{"line":15,"column":3}},"loc":{"start":{"line":15,"column":28},"end":{"line":17,"column":3}},"line":15},"2":{"name":"(anonymous_2)","decl":{"start":{"line":19,"column":18},"end":{"line":19,"column":19}},"loc":{"start":{"line":19,"column":24},"end":{"line":42,"column":3}},"line":19},"3":{"name":"(anonymous_3)","decl":{"start":{"line":21,"column":10},"end":{"line":21,"column":11}},"loc":{"start":{"line":21,"column":29},"end":{"line":41,"column":5}},"line":21},"4":{"name":"(anonymous_4)","decl":{"start":{"line":23,"column":28},"end":{"line":23,"column":29}},"loc":{"start":{"line":23,"column":37},"end":{"line":39,"column":7}},"line":23},"5":{"name":"(anonymous_5)","decl":{"start":{"line":44,"column":18},"end":{"line":44,"column":19}},"loc":{"start":{"line":44,"column":24},"end":{"line":52,"column":3}},"line":44},"6":{"name":"(anonymous_6)","decl":{"start":{"line":47,"column":12},"end":{"line":47,"column":13}},"loc":{"start":{"line":47,"column":18},"end":{"line":50,"column":7}},"line":47},"7":{"name":"(anonymous_7)","decl":{"start":{"line":51,"column":13},"end":{"line":51,"column":14}},"loc":{"start":{"line":51,"column":22},"end":{"line":51,"column":42}},"line":51},"8":{"name":"(anonymous_8)","decl":{"start":{"line":55,"column":2},"end":{"line":55,"column":3}},"loc":{"start":{"line":55,"column":11},"end":{"line":117,"column":3}},"line":55},"9":{"name":"(anonymous_9)","decl":{"start":{"line":62,"column":39},"end":{"line":62,"column":40}},"loc":{"start":{"line":62,"column":45},"end":{"line":62,"column":68}},"line":62},"10":{"name":"(anonymous_10)","decl":{"start":{"line":85,"column":33},"end":{"line":85,"column":34}},"loc":{"start":{"line":85,"column":48},"end":{"line":111,"column":13}},"line":85},"11":{"name":"(anonymous_11)","decl":{"start":{"line":101,"column":69},"end":{"line":101,"column":70}},"loc":{"start":{"line":101,"column":75},"end":{"line":101,"column":123}},"line":101},"12":{"name":"(anonymous_12)","decl":{"start":{"line":104,"column":69},"end":{"line":104,"column":70}},"loc":{"start":{"line":104,"column":75},"end":{"line":104,"column":123}},"line":104}},"branchMap":{"0":{"loc":{"start":{"line":25,"column":8},"end":{"line":38,"column":12}},"type":"if","locations":[{"start":{"line":25,"column":8},"end":{"line":38,"column":12}},{"start":{},"end":{}}],"line":25},"1":{"loc":{"start":{"line":89,"column":52},"end":{"line":89,"column":151}},"type":"cond-expr","locations":[{"start":{"line":89,"column":76},"end":{"line":89,"column":111}},{"start":{"line":89,"column":114},"end":{"line":89,"column":151}}],"line":89}},"s":{"0":0,"1":0,"2":0,"3":0,"4":0,"5":0,"6":0,"7":0,"8":0,"9":0,"10":0,"11":0,"12":0,"13":0,"14":0,"15":0,"16":0,"17":0,"18":0,"19":0,"20":0,"21":0,"22":1},"f":{"0":0,"1":0,"2":0,"3":0,"4":0,"5":0,"6":0,"7":0,"8":0,"9":0,"10":0,"11":0,"12":0},"b":{"0":[0,0],"1":[0,0]},"_coverageSchema":"1a1c01bbd47fc00a2c39e90264f33305004495a9","hash":"18102f9e5532d961d32f03aa34b4b83c9bb456e9"}
,"C:\\Users\\Jason\\Desktop\\Jason Folder\\Final-Year-Project\\Android\\App\\src\\screens\\General\\Home.js": {"path":"C:\\Users\\Jason\\Desktop\\Jason Folder\\Final-Year-Project\\Android\\App\\src\\screens\\General\\Home.js","statementMap":{"0":{"start":{"line":10,"column":4},"end":{"line":10,"column":17}},"1":{"start":{"line":12,"column":4},"end":{"line":17,"column":6}},"2":{"start":{"line":21,"column":23},"end":{"line":21,"column":78}},"3":{"start":{"line":22,"column":4},"end":{"line":27,"column":7}},"4":{"start":{"line":23,"column":6},"end":{"line":26,"column":8}},"5":{"start":{"line":30,"column":14},"end":{"line":51,"column":3}},"6":{"start":{"line":31,"column":4},"end":{"line":36,"column":7}},"7":{"start":{"line":32,"column":6},"end":{"line":35,"column":8}},"8":{"start":{"line":37,"column":17},"end":{"line":40,"column":6}},"9":{"start":{"line":41,"column":4},"end":{"line":43,"column":5}},"10":{"start":{"line":42,"column":6},"end":{"line":42,"column":13}},"11":{"start":{"line":44,"column":4},"end":{"line":50,"column":5}},"12":{"start":{"line":45,"column":6},"end":{"line":49,"column":9}},"13":{"start":{"line":53,"column":13},"end":{"line":84,"column":3}},"14":{"start":{"line":54,"column":4},"end":{"line":54,"column":35}},"15":{"start":{"line":55,"column":15},"end":{"line":55,"column":29}},"16":{"start":{"line":56,"column":17},"end":{"line":56,"column":26}},"17":{"start":{"line":57,"column":15},"end":{"line":57,"column":28}},"18":{"start":{"line":58,"column":16},"end":{"line":58,"column":18}},"19":{"start":{"line":59,"column":15},"end":{"line":59,"column":21}},"20":{"start":{"line":60,"column":14},"end":{"line":60,"column":16}},"21":{"start":{"line":61,"column":23},"end":{"line":61,"column":25}},"22":{"start":{"line":62,"column":4},"end":{"line":64,"column":59}},"23":{"start":{"line":65,"column":4},"end":{"line":65,"column":45}},"24":{"start":{"line":67,"column":19},"end":{"line":73,"column":6}},"25":{"start":{"line":75,"column":4},"end":{"line":75,"column":34}},"26":{"start":{"line":76,"column":4},"end":{"line":76,"column":31}},"27":{"start":{"line":77,"column":4},"end":{"line":81,"column":6}},"28":{"start":{"line":78,"column":6},"end":{"line":80,"column":8}},"29":{"start":{"line":82,"column":4},"end":{"line":82,"column":68}},"30":{"start":{"line":83,"column":4},"end":{"line":83,"column":36}},"31":{"start":{"line":88,"column":4},"end":{"line":119,"column":6}},"32":{"start":{"line":97,"column":14},"end":{"line":97,"column":37}},"33":{"start":{"line":98,"column":14},"end":{"line":103,"column":17}},"34":{"start":{"line":99,"column":16},"end":{"line":102,"column":18}},"35":{"start":{"line":109,"column":86},"end":{"line":109,"column":125}},"36":{"start":{"line":112,"column":65},"end":{"line":112,"column":105}},"37":{"start":{"line":123,"column":15},"end":{"line":162,"column":2}}},"fnMap":{"0":{"name":"(anonymous_0)","decl":{"start":{"line":9,"column":2},"end":{"line":9,"column":3}},"loc":{"start":{"line":9,"column":21},"end":{"line":18,"column":3}},"line":9},"1":{"name":"(anonymous_1)","decl":{"start":{"line":20,"column":2},"end":{"line":20,"column":3}},"loc":{"start":{"line":20,"column":28},"end":{"line":28,"column":3}},"line":20},"2":{"name":"(anonymous_2)","decl":{"start":{"line":22,"column":18},"end":{"line":22,"column":19}},"loc":{"start":{"line":22,"column":36},"end":{"line":27,"column":5}},"line":22},"3":{"name":"(anonymous_3)","decl":{"start":{"line":30,"column":14},"end":{"line":30,"column":15}},"loc":{"start":{"line":30,"column":26},"end":{"line":51,"column":3}},"line":30},"4":{"name":"(anonymous_4)","decl":{"start":{"line":31,"column":18},"end":{"line":31,"column":19}},"loc":{"start":{"line":31,"column":36},"end":{"line":36,"column":5}},"line":31},"5":{"name":"(anonymous_5)","decl":{"start":{"line":53,"column":13},"end":{"line":53,"column":14}},"loc":{"start":{"line":53,"column":34},"end":{"line":84,"column":3}},"line":53},"6":{"name":"(anonymous_6)","decl":{"start":{"line":77,"column":18},"end":{"line":77,"column":19}},"loc":{"start":{"line":77,"column":36},"end":{"line":81,"column":5}},"line":77},"7":{"name":"(anonymous_7)","decl":{"start":{"line":87,"column":2},"end":{"line":87,"column":3}},"loc":{"start":{"line":87,"column":11},"end":{"line":120,"column":3}},"line":87},"8":{"name":"(anonymous_8)","decl":{"start":{"line":96,"column":21},"end":{"line":96,"column":22}},"loc":{"start":{"line":96,"column":33},"end":{"line":104,"column":13}},"line":96},"9":{"name":"(anonymous_9)","decl":{"start":{"line":98,"column":28},"end":{"line":98,"column":29}},"loc":{"start":{"line":98,"column":38},"end":{"line":103,"column":15}},"line":98},"10":{"name":"(anonymous_10)","decl":{"start":{"line":109,"column":80},"end":{"line":109,"column":81}},"loc":{"start":{"line":109,"column":86},"end":{"line":109,"column":125}},"line":109},"11":{"name":"(anonymous_11)","decl":{"start":{"line":112,"column":59},"end":{"line":112,"column":60}},"loc":{"start":{"line":112,"column":65},"end":{"line":112,"column":105}},"line":112}},"branchMap":{"0":{"loc":{"start":{"line":41,"column":4},"end":{"line":43,"column":5}},"type":"if","locations":[{"start":{"line":41,"column":4},"end":{"line":43,"column":5}},{"start":{},"end":{}}],"line":41},"1":{"loc":{"start":{"line":44,"column":4},"end":{"line":50,"column":5}},"type":"if","locations":[{"start":{"line":44,"column":4},"end":{"line":50,"column":5}},{"start":{},"end":{}}],"line":44},"2":{"loc":{"start":{"line":62,"column":4},"end":{"line":64,"column":58}},"type":"cond-expr","locations":[{"start":{"line":63,"column":9},"end":{"line":63,"column":58}},{"start":{"line":64,"column":9},"end":{"line":64,"column":57}}],"line":62},"3":{"loc":{"start":{"line":117,"column":7},"end":{"line":117,"column":43}},"type":"cond-expr","locations":[{"start":{"line":117,"column":27},"end":{"line":117,"column":36}},{"start":{"line":117,"column":39},"end":{"line":117,"column":43}}],"line":117}},"s":{"0":7,"1":7,"2":8,"3":0,"4":0,"5":7,"6":0,"7":0,"8":0,"9":0,"10":0,"11":0,"12":0,"13":7,"14":0,"15":0,"16":0,"17":0,"18":0,"19":0,"20":0,"21":0,"22":0,"23":0,"24":0,"25":0,"26":0,"27":0,"28":0,"29":0,"30":0,"31":7,"32":0,"33":0,"34":0,"35":1,"36":1,"37":2},"f":{"0":7,"1":8,"2":0,"3":0,"4":0,"5":0,"6":0,"7":7,"8":0,"9":0,"10":1,"11":1},"b":{"0":[0,0],"1":[0,0],"2":[0,0],"3":[0,7]},"_coverageSchema":"1a1c01bbd47fc00a2c39e90264f33305004495a9","hash":"902cb09ca195debf9fd7f64d24fa43bd50b57afe"}
,"C:\\Users\\Jason\\Desktop\\Jason Folder\\Final-Year-Project\\Android\\App\\src\\screens\\General\\Login.js": {"path":"C:\\Users\\Jason\\Desktop\\Jason Folder\\Final-Year-Project\\Android\\App\\src\\screens\\General\\Login.js","statementMap":{"0":{"start":{"line":15,"column":4},"end":{"line":15,"column":17}},"1":{"start":{"line":17,"column":4},"end":{"line":20,"column":6}},"2":{"start":{"line":23,"column":22},"end":{"line":25,"column":3}},"3":{"start":{"line":24,"column":4},"end":{"line":24,"column":35}},"4":{"start":{"line":27,"column":25},"end":{"line":29,"column":3}},"5":{"start":{"line":28,"column":4},"end":{"line":28,"column":41}},"6":{"start":{"line":31,"column":10},"end":{"line":55,"column":3}},"7":{"start":{"line":32,"column":4},"end":{"line":54,"column":6}},"8":{"start":{"line":34,"column":6},"end":{"line":50,"column":8}},"9":{"start":{"line":36,"column":8},"end":{"line":49,"column":9}},"10":{"start":{"line":37,"column":10},"end":{"line":44,"column":11}},"11":{"start":{"line":39,"column":12},"end":{"line":39,"column":54}},"12":{"start":{"line":40,"column":12},"end":{"line":40,"column":45}},"13":{"start":{"line":43,"column":12},"end":{"line":43,"column":51}},"14":{"start":{"line":47,"column":10},"end":{"line":47,"column":53}},"15":{"start":{"line":48,"column":10},"end":{"line":48,"column":43}},"16":{"start":{"line":53,"column":6},"end":{"line":53,"column":26}},"17":{"start":{"line":58,"column":27},"end":{"line":58,"column":37}},"18":{"start":{"line":60,"column":4},"end":{"line":87,"column":6}},"19":{"start":{"line":62,"column":41},"end":{"line":62,"column":68}},"20":{"start":{"line":91,"column":15},"end":{"line":139,"column":2}}},"fnMap":{"0":{"name":"(anonymous_0)","decl":{"start":{"line":14,"column":2},"end":{"line":14,"column":3}},"loc":{"start":{"line":14,"column":21},"end":{"line":21,"column":3}},"line":14},"1":{"name":"(anonymous_1)","decl":{"start":{"line":23,"column":22},"end":{"line":23,"column":23}},"loc":{"start":{"line":23,"column":33},"end":{"line":25,"column":3}},"line":23},"2":{"name":"(anonymous_2)","decl":{"start":{"line":27,"column":25},"end":{"line":27,"column":26}},"loc":{"start":{"line":27,"column":39},"end":{"line":29,"column":3}},"line":27},"3":{"name":"(anonymous_3)","decl":{"start":{"line":31,"column":10},"end":{"line":31,"column":11}},"loc":{"start":{"line":31,"column":22},"end":{"line":55,"column":3}},"line":31},"4":{"name":"(anonymous_4)","decl":{"start":{"line":33,"column":10},"end":{"line":33,"column":11}},"loc":{"start":{"line":33,"column":16},"end":{"line":51,"column":5}},"line":33},"5":{"name":"(anonymous_5)","decl":{"start":{"line":35,"column":12},"end":{"line":35,"column":13}},"loc":{"start":{"line":35,"column":20},"end":{"line":50,"column":7}},"line":35},"6":{"name":"(anonymous_6)","decl":{"start":{"line":52,"column":11},"end":{"line":52,"column":12}},"loc":{"start":{"line":52,"column":22},"end":{"line":54,"column":5}},"line":52},"7":{"name":"(anonymous_7)","decl":{"start":{"line":57,"column":2},"end":{"line":57,"column":3}},"loc":{"start":{"line":57,"column":11},"end":{"line":88,"column":3}},"line":57},"8":{"name":"(anonymous_8)","decl":{"start":{"line":62,"column":35},"end":{"line":62,"column":36}},"loc":{"start":{"line":62,"column":41},"end":{"line":62,"column":68}},"line":62}},"branchMap":{"0":{"loc":{"start":{"line":36,"column":8},"end":{"line":49,"column":9}},"type":"if","locations":[{"start":{"line":36,"column":8},"end":{"line":49,"column":9}},{"start":{"line":46,"column":13},"end":{"line":49,"column":9}}],"line":36},"1":{"loc":{"start":{"line":37,"column":10},"end":{"line":44,"column":11}},"type":"if","locations":[{"start":{"line":37,"column":10},"end":{"line":44,"column":11}},{"start":{"line":42,"column":15},"end":{"line":44,"column":11}}],"line":37}},"s":{"0":11,"1":11,"2":11,"3":1,"4":11,"5":1,"6":11,"7":4,"8":3,"9":3,"10":2,"11":1,"12":1,"13":1,"14":1,"15":1,"16":1,"17":22,"18":22,"19":1,"20":2},"f":{"0":11,"1":1,"2":1,"3":4,"4":3,"5":3,"6":1,"7":22,"8":1},"b":{"0":[2,1],"1":[1,1]},"_coverageSchema":"1a1c01bbd47fc00a2c39e90264f33305004495a9","hash":"1dc7d29c230e684359d65e28a1ad8b6065c32f5b"}
,"C:\\Users\\Jason\\Desktop\\Jason Folder\\Final-Year-Project\\Android\\App\\src\\screens\\General\\SignUp.js": {"path":"C:\\Users\\Jason\\Desktop\\Jason Folder\\Final-Year-Project\\Android\\App\\src\\screens\\General\\SignUp.js","statementMap":{"0":{"start":{"line":19,"column":4},"end":{"line":19,"column":17}},"1":{"start":{"line":21,"column":4},"end":{"line":34,"column":6}},"2":{"start":{"line":37,"column":26},"end":{"line":39,"column":3}},"3":{"start":{"line":38,"column":4},"end":{"line":38,"column":43}},"4":{"start":{"line":41,"column":25},"end":{"line":43,"column":3}},"5":{"start":{"line":42,"column":4},"end":{"line":42,"column":41}},"6":{"start":{"line":45,"column":23},"end":{"line":47,"column":3}},"7":{"start":{"line":46,"column":4},"end":{"line":46,"column":37}},"8":{"start":{"line":49,"column":20},"end":{"line":56,"column":3}},"9":{"start":{"line":50,"column":24},"end":{"line":50,"column":35}},"10":{"start":{"line":51,"column":4},"end":{"line":51,"column":34}},"11":{"start":{"line":52,"column":4},"end":{"line":52,"column":41}},"12":{"start":{"line":53,"column":15},"end":{"line":53,"column":36}},"13":{"start":{"line":54,"column":16},"end":{"line":54,"column":87}},"14":{"start":{"line":55,"column":4},"end":{"line":55,"column":34}},"15":{"start":{"line":58,"column":25},"end":{"line":60,"column":3}},"16":{"start":{"line":59,"column":4},"end":{"line":59,"column":41}},"17":{"start":{"line":62,"column":25},"end":{"line":64,"column":3}},"18":{"start":{"line":63,"column":4},"end":{"line":63,"column":41}},"19":{"start":{"line":66,"column":21},"end":{"line":68,"column":3}},"20":{"start":{"line":67,"column":4},"end":{"line":67,"column":33}},"21":{"start":{"line":70,"column":22},"end":{"line":72,"column":3}},"22":{"start":{"line":71,"column":4},"end":{"line":71,"column":35}},"23":{"start":{"line":74,"column":25},"end":{"line":76,"column":3}},"24":{"start":{"line":75,"column":4},"end":{"line":75,"column":41}},"25":{"start":{"line":78,"column":17},"end":{"line":100,"column":3}},"26":{"start":{"line":79,"column":4},"end":{"line":99,"column":43}},"27":{"start":{"line":82,"column":8},"end":{"line":94,"column":10}},"28":{"start":{"line":95,"column":21},"end":{"line":95,"column":41}},"29":{"start":{"line":96,"column":8},"end":{"line":96,"column":32}},"30":{"start":{"line":97,"column":8},"end":{"line":97,"column":47}},"31":{"start":{"line":99,"column":22},"end":{"line":99,"column":42}},"32":{"start":{"line":102,"column":19},"end":{"line":104,"column":3}},"33":{"start":{"line":103,"column":4},"end":{"line":103,"column":33}},"34":{"start":{"line":108,"column":27},"end":{"line":108,"column":37}},"35":{"start":{"line":109,"column":17},"end":{"line":112,"column":5}},"36":{"start":{"line":114,"column":4},"end":{"line":210,"column":6}},"37":{"start":{"line":116,"column":41},"end":{"line":116,"column":68}},"38":{"start":{"line":214,"column":15},"end":{"line":289,"column":2}}},"fnMap":{"0":{"name":"(anonymous_0)","decl":{"start":{"line":18,"column":2},"end":{"line":18,"column":3}},"loc":{"start":{"line":18,"column":21},"end":{"line":35,"column":3}},"line":18},"1":{"name":"(anonymous_1)","decl":{"start":{"line":37,"column":26},"end":{"line":37,"column":27}},"loc":{"start":{"line":37,"column":41},"end":{"line":39,"column":3}},"line":37},"2":{"name":"(anonymous_2)","decl":{"start":{"line":41,"column":25},"end":{"line":41,"column":26}},"loc":{"start":{"line":41,"column":39},"end":{"line":43,"column":3}},"line":41},"3":{"name":"(anonymous_3)","decl":{"start":{"line":45,"column":23},"end":{"line":45,"column":24}},"loc":{"start":{"line":45,"column":35},"end":{"line":47,"column":3}},"line":45},"4":{"name":"(anonymous_4)","decl":{"start":{"line":49,"column":20},"end":{"line":49,"column":21}},"loc":{"start":{"line":49,"column":36},"end":{"line":56,"column":3}},"line":49},"5":{"name":"(anonymous_5)","decl":{"start":{"line":58,"column":25},"end":{"line":58,"column":26}},"loc":{"start":{"line":58,"column":39},"end":{"line":60,"column":3}},"line":58},"6":{"name":"(anonymous_6)","decl":{"start":{"line":62,"column":25},"end":{"line":62,"column":26}},"loc":{"start":{"line":62,"column":39},"end":{"line":64,"column":3}},"line":62},"7":{"name":"(anonymous_7)","decl":{"start":{"line":66,"column":21},"end":{"line":66,"column":22}},"loc":{"start":{"line":66,"column":31},"end":{"line":68,"column":3}},"line":66},"8":{"name":"(anonymous_8)","decl":{"start":{"line":70,"column":22},"end":{"line":70,"column":23}},"loc":{"start":{"line":70,"column":33},"end":{"line":72,"column":3}},"line":70},"9":{"name":"(anonymous_9)","decl":{"start":{"line":74,"column":25},"end":{"line":74,"column":26}},"loc":{"start":{"line":74,"column":39},"end":{"line":76,"column":3}},"line":74},"10":{"name":"(anonymous_10)","decl":{"start":{"line":78,"column":17},"end":{"line":78,"column":18}},"loc":{"start":{"line":78,"column":29},"end":{"line":100,"column":3}},"line":78},"11":{"name":"(anonymous_11)","decl":{"start":{"line":81,"column":12},"end":{"line":81,"column":13}},"loc":{"start":{"line":81,"column":31},"end":{"line":98,"column":7}},"line":81},"12":{"name":"(anonymous_12)","decl":{"start":{"line":99,"column":13},"end":{"line":99,"column":14}},"loc":{"start":{"line":99,"column":22},"end":{"line":99,"column":42}},"line":99},"13":{"name":"(anonymous_13)","decl":{"start":{"line":102,"column":19},"end":{"line":102,"column":20}},"loc":{"start":{"line":102,"column":25},"end":{"line":104,"column":3}},"line":102},"14":{"name":"(anonymous_14)","decl":{"start":{"line":107,"column":2},"end":{"line":107,"column":3}},"loc":{"start":{"line":107,"column":11},"end":{"line":211,"column":3}},"line":107},"15":{"name":"(anonymous_15)","decl":{"start":{"line":116,"column":35},"end":{"line":116,"column":36}},"loc":{"start":{"line":116,"column":41},"end":{"line":116,"column":68}},"line":116}},"branchMap":{"0":{"loc":{"start":{"line":50,"column":24},"end":{"line":50,"column":35}},"type":"binary-expr","locations":[{"start":{"line":50,"column":24},"end":{"line":50,"column":27}},{"start":{"line":50,"column":31},"end":{"line":50,"column":35}}],"line":50},"1":{"loc":{"start":{"line":153,"column":11},"end":{"line":162,"column":11}},"type":"binary-expr","locations":[{"start":{"line":153,"column":11},"end":{"line":153,"column":26}},{"start":{"line":154,"column":12},"end":{"line":161,"column":14}}],"line":153}},"s":{"0":14,"1":14,"2":14,"3":1,"4":14,"5":1,"6":14,"7":1,"8":14,"9":1,"10":1,"11":1,"12":1,"13":1,"14":1,"15":14,"16":1,"17":14,"18":1,"19":14,"20":1,"21":14,"22":1,"23":14,"24":1,"25":14,"26":1,"27":0,"28":0,"29":0,"30":0,"31":1,"32":14,"33":1,"34":27,"35":27,"36":27,"37":1,"38":2},"f":{"0":14,"1":1,"2":1,"3":1,"4":1,"5":1,"6":1,"7":1,"8":1,"9":1,"10":1,"11":0,"12":1,"13":1,"14":27,"15":1},"b":{"0":[1,0],"1":[27,1]},"_coverageSchema":"1a1c01bbd47fc00a2c39e90264f33305004495a9","hash":"3e35ee43c1b98d56b01aa128c1f68c5c59b77999"}
,"C:\\Users\\Jason\\Desktop\\Jason Folder\\Final-Year-Project\\Android\\App\\src\\screens\\General\\result.js": {"path":"C:\\Users\\Jason\\Desktop\\Jason Folder\\Final-Year-Project\\Android\\App\\src\\screens\\General\\result.js","statementMap":{"0":{"start":{"line":15,"column":4},"end":{"line":15,"column":17}},"1":{"start":{"line":17,"column":4},"end":{"line":19,"column":6}},"2":{"start":{"line":23,"column":4},"end":{"line":23,"column":30}},"3":{"start":{"line":26,"column":17},"end":{"line":35,"column":3}},"4":{"start":{"line":27,"column":4},"end":{"line":34,"column":6}},"5":{"start":{"line":29,"column":6},"end":{"line":33,"column":8}},"6":{"start":{"line":30,"column":24},"end":{"line":30,"column":34}},"7":{"start":{"line":31,"column":8},"end":{"line":32,"column":43}},"8":{"start":{"line":32,"column":10},"end":{"line":32,"column":43}},"9":{"start":{"line":38,"column":27},"end":{"line":38,"column":37}},"10":{"start":{"line":39,"column":17},"end":{"line":39,"column":44}},"11":{"start":{"line":41,"column":4},"end":{"line":107,"column":6}},"12":{"start":{"line":44,"column":43},"end":{"line":44,"column":70}},"13":{"start":{"line":111,"column":15},"end":{"line":181,"column":2}}},"fnMap":{"0":{"name":"(anonymous_0)","decl":{"start":{"line":14,"column":2},"end":{"line":14,"column":3}},"loc":{"start":{"line":14,"column":21},"end":{"line":20,"column":3}},"line":14},"1":{"name":"(anonymous_1)","decl":{"start":{"line":22,"column":2},"end":{"line":22,"column":3}},"loc":{"start":{"line":22,"column":28},"end":{"line":24,"column":3}},"line":22},"2":{"name":"(anonymous_2)","decl":{"start":{"line":26,"column":17},"end":{"line":26,"column":18}},"loc":{"start":{"line":26,"column":23},"end":{"line":35,"column":3}},"line":26},"3":{"name":"(anonymous_3)","decl":{"start":{"line":28,"column":10},"end":{"line":28,"column":11}},"loc":{"start":{"line":28,"column":29},"end":{"line":34,"column":5}},"line":28},"4":{"name":"(anonymous_4)","decl":{"start":{"line":29,"column":28},"end":{"line":29,"column":29}},"loc":{"start":{"line":29,"column":37},"end":{"line":33,"column":7}},"line":29},"5":{"name":"(anonymous_5)","decl":{"start":{"line":37,"column":2},"end":{"line":37,"column":3}},"loc":{"start":{"line":37,"column":11},"end":{"line":108,"column":3}},"line":37},"6":{"name":"(anonymous_6)","decl":{"start":{"line":44,"column":37},"end":{"line":44,"column":38}},"loc":{"start":{"line":44,"column":43},"end":{"line":44,"column":70}},"line":44}},"branchMap":{"0":{"loc":{"start":{"line":31,"column":8},"end":{"line":32,"column":43}},"type":"if","locations":[{"start":{"line":31,"column":8},"end":{"line":32,"column":43}},{"start":{},"end":{}}],"line":31}},"s":{"0":2,"1":2,"2":2,"3":2,"4":2,"5":0,"6":0,"7":0,"8":0,"9":2,"10":2,"11":2,"12":1,"13":2},"f":{"0":2,"1":2,"2":2,"3":0,"4":0,"5":2,"6":1},"b":{"0":[0,0]},"_coverageSchema":"1a1c
[...]
,"C:\\Users\\Jason\\Desktop\\Jason Folder\\Final-Year-Project\\Android\\App\\src\\screens\\User\\Profile.js": {"path":"C:\\Users\\Jason\\Desktop\\Jason Folder\\Final-Year-Project\\Android\\App\\src\\screens\\User\\Profile.js","statementMap":{"0":{"start":{"line":7,"column":4},"end":{"line":7,"column":17}},"1":{"start":{"line":9,"column":4},"end":{"line":11,"column":6}},"2":{"start":{"line":15,"column":4},"end":{"line":15,"column":31}},"3":{"start":{"line":18,"column":18},"end":{"line":27,"column":3}},"4":{"start":{"line":19,"column":4},"end":{"line":26,"column":6}},"5":{"start":{"line":21,"column":6},"end":{"line":25,"column":9}},"6":{"start":{"line":22,"column":8},"end":{"line":24,"column":10}},"7":{"start":{"line":29,"column":18},"end":{"line":37,"column":3}},"8":{"start":{"line":30,"column":4},"end":{"line":36,"column":43}},"9":{"start":{"line":33,"column":8},"end":{"line":33,"column":46}},"10":{"start":{"line":34,"column":8},"end":{"line":34,"column":42}},"11":{"start":{"line":36,"column":22},"end":{"line":36,"column":42}},"12":{"start":{"line":40,"column":27},"end":{"line":40,"column":37}},"13":{"start":{"line":42,"column":4},"end":{"line":153,"column":6}},"14":{"start":{"line":46,"column":45},"end":{"line":46,"column":76}},"15":{"start":{"line":134,"column":73},"end":{"line":134,"column":143}},"16":{"start":{"line":142,"column":45},"end":{"line":142,"column":76}},"17":{"start":{"line":147,"column":45},"end":{"line":147,"column":75}},"18":{"start":{"line":157,"column":15},"end":{"line":259,"column":2}}},"fnMap":{"0":{"name":"(anonymous_0)","decl":{"start":{"line":6,"column":2},"end":{"line":6,"column":3}},"loc":{"start":{"line":6,"column":21},"end":{"line":12,"column":3}},"line":6},"1":{"name":"(anonymous_1)","decl":{"start":{"line":14,"column":2},"end":{"line":14,"column":3}},"loc":{"start":{"line":14,"column":28},"end":{"line":16,"column":3}},"line":14},"2":{"name":"(anonymous_2)","decl":{"start":{"line":18,"column":18},"end":{"line":18,"column":19}},"loc":{"start":{"line":18,"column":24},"end":{"line":27,"column":3}},"line":18},"3":{"name":"(anonymous_3)","decl":{"start":{"line":20,"column":10},"end":{"line":20,"column":11}},"loc":{"start":{"line":20,"column":18},"end":{"line":26,"column":5}},"line":20},"4":{"name":"(anonymous_4)","decl":{"start":{"line":21,"column":20},"end":{"line":21,"column":21}},"loc":{"start":{"line":21,"column":38},"end":{"line":25,"column":7}},"line":21},"5":{"name":"(anonymous_5)","decl":{"start":{"line":29,"column":18},"end":{"line":29,"column":19}},"loc":{"start":{"line":29,"column":24},"end":{"line":37,"column":3}},"line":29},"6":{"name":"(anonymous_6)","decl":{"start":{"line":32,"column":12},"end":{"line":32,"column":13}},"loc":{"start":{"line":32,"column":18},"end":{"line":35,"column":7}},"line":32},"7":{"name":"(anonymous_7)","decl":{"start":{"line":36,"column":13},"end":{"line":36,"column":14}},"loc":{"start":{"line":36,"column":22},"end":{"line":36,"column":42}},"line":36},"8":{"name":"(anonymous_8)","decl":{"start":{"line":39,"column":2},"end":{"line":39,"column":3}},"loc":{"start":{"line":39,"column":11},"end":{"line":154,"column":3}},"line":39},"9":{"name":"(anonymous_9)","decl":{"start":{"line":46,"column":39},"end":{"line":46,"column":40}},"loc":{"start":{"line":46,"column":45},"end":{"line":46,"column":76}},"line":46},"10":{"name":"(anonymous_10)","decl":{"start":{"line":134,"column":67},"end":{"line":134,"column":68}},"loc":{"start":{"line":134,"column":73},"end":{"line":134,"column":143}},"line":134},"11":{"name":"(anonymous_11)","decl":{"start":{"line":142,"column":39},"end":{"line":142,"column":40}},"loc":{"start":{"line":142,"column":45},"end":{"line":142,"column":76}},"line":142},"12":{"name":"(anonymous_12)","decl":{"start":{"line":147,"column":39},"end":{"line":147,"column":40}},"loc":{"start":{"line":147,"column":45},"end":{"line":147,"column":75}},"line":147}},"branchMap":{},"s":{"0":6,"1":6,"2":6,"3":6,"4":6,"5":0,"6":0,"7":6,"8":1,"9":0,"10":0,"11":0,"12":6,"13":6,"14":1,"15":1,"16":1,"17":1,"18":2},"f":{"0":6,"1":6,"2":6,"3":0,"4":0,"5":1,"6":0,"7":0,"8":6,"9":1,"10":1,"11":1,"12":1},"b":{},"_coverageSchema":"1a1c01bbd47fc00a2c39e90264f33305004495a9","hash":"4f7e55e6417ba49a382cf58d4f753779f6628b6a"}
,"C:\\Users\\Jason\\Desktop\\Jason Folder\\Final-Year-Project\\Android\\App\\src\\screens\\User\\Result.js": {"path":"C:\\Users\\Jason\\Desktop\\Jason Folder\\Final-Year-Project\\Android\\App\\src\\screens\\User\\Result.js","statementMap":{"0":{"start":{"line":16,"column":4},"end":{"line":16,"column":17}},"1":{"start":{"line":18,"column":4},"end":{"line":26,"column":6}},"2":{"start":{"line":30,"column":4},"end":{"line":30,"column":30}},"3":{"start":{"line":31,"column":4},"end":{"line":31,"column":30}},"4":{"start":{"line":32,"column":4},"end":{"line":32,"column":34}},"5":{"start":{"line":35,"column":17},"end":{"line":44,"column":3}},"6":{"start":{"line":36,"column":4},"end":{"line":43,"column":6}},"7":{"start":{"line":38,"column":6},"end":{"line":42,"column":8}},"8":{"start":{"line":39,"column":31},"end":{"line":39,"column":41}},"9":{"start":{"line":40,"column":8},"end":{"line":41,"column":43}},"10":{"start":{"line":41,"column":10},"end":{"line":41,"column":43}},"11":{"start":{"line":46,"column":17},"end":{"line":57,"column":3}},"12":{"start":{"line":47,"column":4},"end":{"line":56,"column":6}},"13":{"start":{"line":49,"column":6},"end":{"line":55,"column":8}},"14":{"start":{"line":50,"column":34},"end":{"line":50,"column":44}},"15":{"start":{"line":51,"column":8},"end":{"line":54,"column":9}},"16":{"start":{"line":52,"column":10},"end":{"line":52,"column":39}},"17":{"start":{"line":53,"column":10},"end":{"line":53,"column":43}},"18":{"start":{"line":59,"column":24},"end":{"line":61,"column":3}},"19":{"start":{"line":60,"column":4},"end":{"line":60,"column":39}},"20":{"start":{"line":63,"column":20},"end":{"line":70,"column":3}},"21":{"start":{"line":64,"column":4},"end":{"line":69,"column":5}},"22":{"start":{"line":65,"column":6},"end":{"line":65,"column":43}},"23":{"start":{"line":66,"column":6},"end":{"line":66,"column":36}},"24":{"start":{"line":68,"column":6},"end":{"line":68,"column":25}},"25":{"start":{"line":72,"column":21},"end":{"line":74,"column":3}},"26":{"start":{"line":73,"column":4},"end":{"line":73,"column":33}},"27":{"start":{"line":76,"column":18},"end":{"line":84,"column":3}},"28":{"start":{"line":77,"column":4},"end":{"line":83,"column":43}},"29":{"start":{"line":80,"column":8},"end":{"line":80,"column":46}},"30":{"start":{"line":81,"column":8},"end":{"line":81,"column":42}},"31":{"start":{"line":83,"column":22},"end":{"line":83,"column":42}},"32":{"start":{"line":86,"column":16},"end":{"line":96,"column":3}},"33":{"start":{"line":87,"column":4},"end":{"line":94,"column":41}},"34":{"start":{"line":94,"column":20},"end":{"line":94,"column":40}},"35":{"start":{"line":95,"column":4},"end":{"line":95,"column":24}},"36":{"start":{"line":98,"column":19},"end":{"line":106,"column":3}},"37":{"start":{"line":99,"column":4},"end":{"line":105,"column":5}},"38":{"start":{"line":100,"column":21},"end":{"line":100,"column":65}},"39":{"start":{"line":101,"column":6},"end":{"line":101,"column":28}},"40":{"start":{"line":102,"column":6},"end":{"line":102,"column":52}},"41":{"start":{"line":104,"column":6},"end":{"line":104,"column":56}},"42":{"start":{"line":108,"column":24},"end":{"line":124,"column":3}},"43":{"start":{"line":109,"column":4},"end":{"line":121,"column":41}},"44":{"start":{"line":121,"column":20},"end":{"line":121,"column":40}},"45":{"start":{"line":122,"column":4},"end":{"line":122,"column":33}},"46":{"start":{"line":123,"column":4},"end":{"line":123,"column":116}},"47":{"start":{"line":126,"column":21},"end":{"line":148,"column":3}},"48":{"start":{"line":127,"column":4},"end":{"line":147,"column":6}},"49":{"start":{"line":129,"column":23},"end":{"line":129,"column":25}},"50":{"start":{"line":130,"column":6},"end":{"line":145,"column":8}},"51":{"start":{"line":131,"column":107},"end":{"line":131,"column":117}},"52":{"start":{"line":132,"column":8},"end":{"line":144,"column":12}},"53":{"start":{"line":133,"column":10},"end":{"line":144,"column":12}},"54":{"start":{"line":146,"column":6},"end":{"line":146,"column":45}},"55":{"start":{"line":150,"column":18},"end":{"line":159,"column":3}},"56":{"start":{"line":151,"column":4},"end":{"line":158,"column":5}},"57":{"start":{"line":152,"column":21},"end":{"line":152,"column":64}},"58":{"start":{"line":153,"column":6},"end":{"line":153,"column":28}},"59":{"start":{"line":154,"column":6},"end":{"line":154,"column":51}},"60":{"start":{"line":155,"column":6},"end":{"line":155,"column":118}},"61":{"start":{"line":157,"column":6},"end":{"line":157,"column":55}},"62":{"start":{"line":163,"column":27},"end":{"line":163,"column":37}},"63":{"start":{"line":164,"column":21},"end":{"line":164,"column":60}},"64":{"start":{"line":166,"column":4},"end":{"line":356,"column":6}},"65":{"start":{"line":170,"column":45},"end":{"line":170,"column":76}},"66":{"start":{"line":273,"column":18},"end":{"line":286,"column":19}},"67":{"start":{"line":277,"column":37},"end":{"line":277,"column":64}},"68":{"start":{"line":296,"column":37},"end":{"line":296,"column":70}},"69":{"start":{"line":306,"column":16},"end":{"line":350,"column":19}},"70":{"start":{"line":319,"column":28},"end":{"line":328,"column":29}},"71":{"start":{"line":341,"column":86},"end":{"line":341,"column":120}},"72":{"start":{"line":360,"column":15},"end":{"line":566,"column":2}}},"fnMap":{"0":{"name":"(anonymous_0)","decl":{"start":{"line":15,"column":2},"end":{"line":15,"column":3}},"loc":{"start":{"line":15,"column":21},"end":{"line":27,"column":3}},"line":15},"1":{"name":"(anonymous_1)","decl":{"start":{"line":29,"column":2},"end":{"line":29,"column":3}},"loc":{"start":{"line":29,"column":28},"end":{"line":33,"column":3}},"line":29},"2":{"name":"(anonymous_2)","decl":{"start":{"line":35,"column":17},"end":{"line":35,"column":18}},"loc":{"start":{"line":35,"column":23},"end":{"line":44,"column":3}},"line":35},"3":{"name":"(anonymous_3)","decl":{"start":{"line":37,"column":10},"end":{"line":37,"column":11}},"loc":{"start":{"line":37,"column":29},"end":{"line":43,"column":5}},"line":37},"4":{"name":"(anonymous_4)","decl":{"start":{"line":38,"column":28},"end":{"line":38,"column":29}},"loc":{"start":{"line":38,"column":37},"end":{"line":42,"column":7}},"line":38},"5":{"name":"(anonymous_5)","decl":{"start":{"line":46,"column":17},"end":{"line":46,"column":18}},"loc":{"start":{"line":46,"column":23},"end":{"line":57,"column":3}},"line":46},"6":{"name":"(anonymous_6)","decl":{"start":{"line":48,"column":10},"end":{"line":48,"column":11}},"loc":{"start":{"line":48,"column":29},"end":{"line":56,"column":5}},"line":48},"7":{"name":"(anonymous_7)","decl":{"start":{"line":49,"column":28},"end":{"line":49,"column":29}},"loc":{"start":{"line":49,"column":37},"end":{"line":55,"column":7}},"line":49},"8":{"name":"(anonymous_8)","decl":{"start":{"line":59,"column":24},"end":{"line":59,"column":25}},"loc":{"start":{"line":59,"column":37},"end":{"line":61,"column":3}},"line":59},"9":{"name":"(anonymous_9)","decl":{"start":{"line":63,"column":20},"end":{"line":63,"column":21}},"loc":{"start":{"line":63,"column":26},"end":{"line":70,"column":3}},"line":63},"10":{"name":"(anonymous_10)","decl":{"start":{"line":72,"column":21},"end":{"line":72,"column":22}},"loc":{"start":{"line":72,"column":31},"end":{"line":74,"column":3}},"line":72},"11":{"name":"(anonymous_11)","decl":{"start":{"line":76,"column":18},"end":{"line":76,"column":19}},"loc":{"start":{"line":76,"column":24},"end":{"line":84,"column":3}},"line":76},"12":{"name":"(anonymous_12)","decl":{"start":{"line":79,"column":12},"end":{"line":79,"column":13}},"loc":{"start":{"line":79,"column":18},"end":{"line":82,"column":7}},"line":79},"13":{"name":"(anonymous_13)","decl":{"start":{"line":83,"column":13},"end":{"line":83,"column":14}},"loc":{"start":{"line":83,"column":22},"end":{"line":83,"column":42}},"line":83},"14":{"name":"(anonymous_14)","decl":{"start":{"line":86,"column":16},"end":{"line":86,"column":17}},"loc":{"start":{"line":86,"column":22},"end":{"line":96,"column":3}},"line":86},"15":{"name":"(anonymous_15)","decl":{"start":{"line":94,"column":11},"end":{"line":94,"column":12}},"loc":{"start":{"line":94,"column":20},"end":{"line":94,"column":40}},"line":94},"16":{"name":"(anonymous_16)","decl":{"start":{"line":98,"column":19},"end":{"line":98,"column":20}},"loc":{"start":{"line":98,"column":36},"end":{"line":106,"column":3}},"line":98},"17":{"name":"(anonymous_17)","decl":{"start":{"line":108,"column":24},"end":{"line":108,"column":25}},"loc":{"start":{"line":108,"column":30},"end":{"line":124,"column":3}},"line":108},"18":{"name":"(anonymous_18)","decl":{"start":{"line":121,"column":11},"end":{"line":121,"column":12}},"loc":{"start":{"line":121,"column":20},"end":{"line":121,"column":40}},"line":121},"19":{"name":"(anonymous_19)","decl":{"start":{"line":126,"column":21},"end":{"line":126,"column":22}},"loc":{"start":{"line":126,"column":27},"end":{"line":148,"column":3}},"line":126},"20":{"name":"(anonymous_20)","decl":{"start":{"line":128,"column":10},"end":{"line":128,"column":11}},"loc":{"start":{"line":128,"column":29},"end":{"line":147,"column":5}},"line":128},"21":{"name":"(anonymous_21)","decl":{"start":{"line":130,"column":28},"end":{"line":130,"column":29}},"loc":{"start":{"line":130,"column":37},"end":{"line":145,"column":7}},"line":130},"22":{"name":"(anonymous_22)","decl":{"start":{"line":150,"column":18},"end":{"line":150,"column":19}},"loc":{"start":{"line":150,"column":35},"end":{"line":159,"column":3}},"line":150},"23":{"name":"(anonymous_23)","decl":{"start":{"line":162,"column":2},"end":{"line":162,"column":3}},"loc":{"start":{"line":162,"column":11},"end":{"line":357,"column":3}},"line":162},"24":{"name":"(anonymous_24)","decl":{"start":{"line":170,"column":39},"end":{"line":170,"column":40}},"loc":{"start":{"line":170,"column":45},"end":{"line":170,"column":76}},"line":170},"25":{"name":"(anonymous_25)","decl":{"start":{"line":272,"column":41},"end":{"line":272,"column":42}},"loc":{"start":{"line":272,"column":56},"end":{"line":287,"column":17}},"line":272},"26":{"name":"(anonymous_26)","decl":{"start":{"line":277,"column":31},"end":{"line":277,"column":32}},"loc":{"start":{"line":277,"column":37},"end":{"line":277,"column":64}},"line":277},"27":{"name":"(anonymous_27)","decl":{"start":{"line":296,"column":26},"end":{"line":296,"column":27}},"loc":{"start":{"line":296,"column":37},"end":{"line":296,"column":70}},"line":296},"28":{"name":"(anonymous_28)","decl":{"start":{"line":305,"column":41},"end":{"line":305,"column":42}},"loc":{"start":{"line":305,"column":56},"end":{"line":351,"column":17}},"line":305},"29":{"name":"(anonymous_29)","decl":{"start":{"line":318,"column":51},"end":{"line":318,"column":52}},"loc":{"start":{"line":318,"column":66},"end":{"line":329,"column":27}},"line":318},"30":{"name":"(anonymous_30)","decl":{"start":{"line":341,"column":80},"end":{"line":341,"column":81}},"loc":{"start":{"line":341,"column":86},"end":{"line":341,"column":120}},"line":341}},"branchMap":{"0":{"loc":{"start":{"line":40,"column":8},"end":{"line":41,"column":43}},"type":"if","locations":[{"start":{"line":40,"column":8},"end":{"line":41,"column":43}},{"start":{},"end":{}}],"line":40},"1":{"loc":{"start":{"line":40,"column":11},"end":{"line":40,"column":87}},"type":"binary-expr","locations":[{"start":{"line":40,"column":11},"end":{"line":40,"column":47}},{"start":{"line":40,"column":51},"end":{"line":40,"column":87}}],"line":40},"2":{"loc":{"start":{"line":51,"column":8},"end":{"line":54,"column":9}},"type":"if","locations":[{"start":{"line":51,"column":8},"end":{"line":54,"column":9}},{"start":{},"end":{}}],"line":51},"3":{"loc":{"start":{"line":51,"column":11},"end":{"line":51,"column":90}},"type":"binary-expr","locations":[{"start":{"line":51,"column":11},"end":{"line":51,"column":40}},{"start":{"line":51,"column":44},"end":{"line":51,"column":90}}],"line":51},"4":{"loc":{"start":{"line":64,"column":4},"end":{"line":69,"column":5}},"type":"if","locations":[{"start":{"line":64,"column":4},"end":{"line":69,"column":5}},{"start":{"line":67,"column":11},"end":{"line":69,"column":5}}],"line":64},"5":{"loc":{"start":{"line":132,"column":8},"end":{"line":144,"column":12}},"type":"if","locations":[{"start":{"line":132,"column":8},"end":{"line":144,"column":12}},{"start":{},"end":{}}],"line":132},"6":{"loc":{"start":{"line":132,"column":11},"end":{"line":132,"column":60}},"type":"binary-expr","locations":[{"start":{"line":132,"column":11},"end":{"line":132,"column":40}},{"start":{"line":132,"column":44},"end":{"line":132,"column":60}}],"line":132},"7":{"loc":{"start":{"line":197,"column":20},"end":{"line":197,"column":124}},"type":"cond-expr","locations":[{"start":{"line":197,"column":37},"end":{"line":197,"column":76}},{"start":{"line":197,"column":79},"end":{"line":197,"column":124}}],"line":197},"8":{"loc":{"start":{"line":282,"column":24},"end":{"line":282,"column":129}},"type":"cond-expr","locations":[{"start":{"line":282,"column":50},"end":{"line":282,"column":91}},{"start":{"line":282,"column":94},"end":{"line":282,"column":129}}],"line":282},"9":{"loc":{"start":{"line":309,"column":56},"end":{"line":309,"column":155}},"type":"cond-expr","locations":[{"start":{"line":309,"column":80},"end":{"line":309,"column":115}},{"start":{"line":309,"column":118},"end":{"line":309,"column":155}}],"line":309},"10":{"loc":{"start":{"line":324,"column":36},"end":{"line":324,"column":104}},"type":"cond-expr","locations":[{"start":{"line":324,"column":56},"end":{"line":324,"column":97}},{"start":{"line":324,"column":100},"end":{"line":324,"column":104}}],"line":324},"11":{"loc":{"start":{"line":340,"column":28},"end":{"line":344,"column":34}},"type":"cond-expr","locations":[{"start":{"line":341,"column":28},"end":{"line":343,"column":47}},{"start":{"line":344,"column":30},"end":{"line":344,"column":34}}],"line":340}},"s":{"0":0,"1":0,"2":0,"3":0,"4":0,"5":0,"6":0,"7":0,"8":0,"9":0,"10":0,"11":0,"12":0,"13":0,"14":0,"15":0,"16":0,"17":0,"18":0,"19":0,"20":0,"21":0,"22":0,"23":0,"24":0,"25":0,"26":0,"27":0,"28":0,"29":0,"30":0,"31":0,"32":0,"33":0,"34":0,"35":0,"36":0,"37":0,"38":0,"39":0,"40":0,"41":0,"42":0,"43":0,"44":0,"45":0,"46":0,"47":0,"48":0,"49":0,"50":0,"51":0,"52":0,"53":0,"54":0,"55":0,"56":0,"57":0,"58":0,"59":0,"60":0,"61":0,"62":0,"63":0,"64":0,"65":0,"66":0,"67":0,"68":0,"69":0,"70":0,"71":0,"72":1},"f":{"0":0,"1":0,"2":0,"3":0,"4":0,"5":0,"6":0,"7":0,"8":0,"9":0,"10":0,"11":0,"12":0,"13":0,"14":0,"15":0,"16":0,"17":0,"18":0,"19":0,"20":0,"21":0,"22":0,"23":0,"24":0,"25":0,"26":0,"27":0,"28":0,"29":0,"30":0},"b":{"0":[0,0],"1":[0,0],"2":[0,0],"3":[0,0],"4":[0,0],"5":[0,0],"6":[0,0],"7":[0,0],"8":[0,0],"9":[0,0],"10":[0,0],"11":[0,0]},"_coverageSchema":"1a1c01bbd47fc00a2c39e90264f33305004495a9","hash":"6c9b2aca47e6bcbf41193a128ef334c7842c7bec"}
}
