TN:
SF:App.js
FN:4,App
FNF:1
FNH:0
FNDA:0,App
DA:5,0
LF:1
LH:0
BRF:0
BRH:0
end_of_record
TN:
SF:navigation\admin.js
FN:15,HomeDrawerScreen
FN:28,HomeNavigator
FN:39,UserNavigator
FN:51,CarNavigator
FN:63,CommentNavigator
FNF:5
FNH:0
FNDA:0,HomeDrawerScreen
FNDA:0,HomeNavigator
FNDA:0,UserNavigator
FNDA:0,CarNavigator
FNDA:0,CommentNavigator
DA:13,1
DA:16,0
DA:26,1
DA:29,0
DA:37,1
DA:40,0
DA:49,1
DA:52,0
DA:61,1
DA:64,0
LF:10
LH:5
BRF:0
BRH:0
end_of_record
TN:
SF:navigation\generalNav.js
FN:13,GeneralNavigator
FNF:1
FNH:1
FNDA:3,GeneralNavigator
DA:11,1
DA:14,3
LF:2
LH:2
BRF:0
BRH:0
end_of_record
TN:
SF:navigation\userNav.js
FN:11,HomeStackScreen
FNF:1
FNH:0
FNDA:0,HomeStackScreen
DA:10,1
DA:12,0
LF:2
LH:1
BRF:0
BRH:0
end_of_record
TN:
SF:src\component\Loader.js
FN:5,Loader
FNF:1
FNH:0
FNDA:0,Loader
DA:6,0
DA:13,2
LF:2
LH:1
BRF:0
BRH:0
end_of_record
TN:
SF:src\config\firebase.js
FNF:0
FNH:0
DA:8,5
DA:21,5
DA:22,5
DA:24,0
DA:27,5
DA:28,5
LF:6
LH:5
BRDA:21,0,0,5
BRDA:21,0,1,0
BRF:2
BRH:1
end_of_record
TN:
SF:src\screens\Admin\Car.js
FN:14,(anonymous_0)
FN:24,(anonymous_1)
FN:29,(anonymous_2)
FN:31,(anonymous_3)
FN:32,(anonymous_4)
FN:40,(anonymous_5)
FN:43,(anonymous_6)
FN:47,(anonymous_7)
FN:50,(anonymous_8)
FN:52,(anonymous_9)
FN:54,(anonymous_10)
FN:74,(anonymous_11)
FN:81,(anonymous_12)
FN:168,(anonymous_13)
FN:174,(anonymous_14)
FN:187,(anonymous_15)
FN:208,(anonymous_16)
FNF:17
FNH:0
FNDA:0,(anonymous_0)
FNDA:0,(anonymous_1)
FNDA:0,(anonymous_2)
FNDA:0,(anonymous_3)
FNDA:0,(anonymous_4)
FNDA:0,(anonymous_5)
FNDA:0,(anonymous_6)
FNDA:0,(anonymous_7)
FNDA:0,(anonymous_8)
FNDA:0,(anonymous_9)
FNDA:0,(anonymous_10)
FNDA:0,(anonymous_11)
FNDA:0,(anonymous_12)
FNDA:0,(anonymous_13)
FNDA:0,(anonymous_14)
FNDA:0,(anonymous_15)
FNDA:0,(anonymous_16)
DA:15,0
DA:17,0
DA:25,0
DA:26,0
DA:29,0
DA:30,0
DA:32,0
DA:33,0
DA:34,0
DA:35,0
DA:40,0
DA:41,0
DA:44,0
DA:45,0
DA:47,0
DA:50,0
DA:51,0
DA:53,0
DA:54,0
DA:55,0
DA:56,0
DA:57,0
DA:70,0
DA:75,0
DA:77,0
DA:81,0
DA:168,0
DA:175,0
DA:188,0
DA:208,0
DA:225,1
LF:31
LH:1
BRDA:34,0,0,0
BRDA:34,0,1,0
BRDA:34,1,0,0
BRDA:34,1,1,0
BRDA:56,2,0,0
BRDA:56,2,1,0
BRDA:178,3,0,0
BRDA:178,3,1,0
BRDA:193,4,0,0
BRDA:193,4,1,0
BRF:10
BRH:0
end_of_record
TN:
SF:src\screens\Admin\Comment.js
FN:15,(anonymous_0)
FN:24,(anonymous_1)
FN:28,(anonymous_2)
FN:31,(anonymous_3)
FN:35,(anonymous_4)
FN:38,(anonymous_5)
FN:40,(anonymous_6)
FN:41,(anonymous_7)
FN:49,(anonymous_8)
FN:56,(anonymous_9)
FN:82,(anonymous_10)
FNF:11
FNH:0
FNDA:0,(anonymous_0)
FNDA:0,(anonymous_1)
FNDA:0,(anonymous_2)
FNDA:0,(anonymous_3)
FNDA:0,(anonymous_4)
FNDA:0,(anonymous_5)
FNDA:0,(anonymous_6)
FNDA:0,(anonymous_7)
FNDA:0,(anonymous_8)
FNDA:0,(anonymous_9)
FNDA:0,(anonymous_10)
DA:16,0
DA:18,0
DA:25,0
DA:28,0
DA:29,0
DA:32,0
DA:33,0
DA:35,0
DA:38,0
DA:39,0
DA:41,0
DA:42,0
DA:50,0
DA:52,0
DA:56,0
DA:83,0
DA:162,1
LF:17
LH:1
BRDA:88,0,0,0
BRDA:88,0,1,0
BRF:2
BRH:0
end_of_record
TN:
SF:src\screens\Admin\EditCar.js
FN:15,(anonymous_0)
FN:30,(anonymous_1)
FN:34,(anonymous_2)
FN:36,(anonymous_3)
FN:37,(anonymous_4)
FN:52,(anonymous_5)
FN:65,(anonymous_6)
FN:69,(anonymous_7)
FN:73,(anonymous_8)
FN:77,(anonymous_9)
FN:81,(anonymous_10)
FN:85,(anonymous_11)
FN:89,(anonymous_12)
FN:93,(anonymous_13)
FN:97,(anonymous_14)
FN:100,(anonymous_15)
FN:104,(anonymous_16)
FN:107,(anonymous_17)
FN:114,(anonymous_18)
FNF:19
FNH:0
FNDA:0,(anonymous_0)
FNDA:0,(anonymous_1)
FNDA:0,(anonymous_2)
FNDA:0,(anonymous_3)
FNDA:0,(anonymous_4)
FNDA:0,(anonymous_5)
FNDA:0,(anonymous_6)
FNDA:0,(anonymous_7)
FNDA:0,(anonymous_8)
FNDA:0,(anonymous_9)
FNDA:0,(anonymous_10)
FNDA:0,(anonymous_11)
FNDA:0,(anonymous_12)
FNDA:0,(anonymous_13)
FNDA:0,(anonymous_14)
FNDA:0,(anonymous_15)
FNDA:0,(anonymous_16)
FNDA:0,(anonymous_17)
FNDA:0,(anonymous_18)
DA:16,0
DA:18,0
DA:31,0
DA:34,0
DA:35,0
DA:37,0
DA:38,0
DA:52,0
DA:53,0
DA:65,0
DA:66,0
DA:69,0
DA:70,0
DA:73,0
DA:74,0
DA:77,0
DA:78,0
DA:81,0
DA:82,0
DA:85,0
DA:86,0
DA:89,0
DA:90,0
DA:93,0
DA:94,0
DA:97,0
DA:98,0
DA:101,0
DA:102,0
DA:104,0
DA:108,0
DA:110,0
DA:114,0
DA:210,1
LF:34
LH:1
BRF:0
BRH:0
end_of_record
TN:
SF:src\screens\Admin\EditProfile.js
FN:19,(anonymous_0)
FN:38,(anonymous_1)
FN:42,(anonymous_2)
FN:46,(anonymous_3)
FN:50,(anonymous_4)
FN:59,(anonymous_5)
FN:63,(anonymous_6)
FN:67,(anonymous_7)
FN:71,(anonymous_8)
FN:75,(anonymous_9)
FN:89,(anonymous_10)
FN:93,(anonymous_11)
FN:97,(anonymous_12)
FN:100,(anonymous_13)
FN:104,(anonymous_14)
FN:107,(anonymous_15)
FN:118,(anonymous_16)
FNF:17
FNH:0
FNDA:0,(anonymous_0)
FNDA:0,(anonymous_1)
FNDA:0,(anonymous_2)
FNDA:0,(anonymous_3)
FNDA:0,(anonymous_4)
FNDA:0,(anonymous_5)
FNDA:0,(anonymous_6)
FNDA:0,(anonymous_7)
FNDA:0,(anonymous_8)
FNDA:0,(anonymous_9)
FNDA:0,(anonymous_10)
FNDA:0,(anonymous_11)
FNDA:0,(anonymous_12)
FNDA:0,(anonymous_13)
FNDA:0,(anonymous_14)
FNDA:0,(anonymous_15)
FNDA:0,(anonymous_16)
DA:20,0
DA:22,0
DA:38,0
DA:39,0
DA:42,0
DA:43,0
DA:46,0
DA:47,0
DA:50,0
DA:51,0
DA:52,0
DA:53,0
DA:54,0
DA:55,0
DA:56,0
DA:59,0
DA:60,0
DA:63,0
DA:64,0
DA:67,0
DA:68,0
DA:71,0
DA:72,0
DA:75,0
DA:76,0
DA:89,0
DA:90,0
DA:93,0
DA:94,0
DA:97,0
DA:98,0
DA:101,0
DA:102,0
DA:104,0
DA:108,0
DA:109,0
DA:114,0
DA:118,0
DA:220,1
LF:39
LH:1
BRDA:51,0,0,0
BRDA:51,0,1,0
BRDA:174,1,0,0
BRDA:174,1,1,0
BRF:4
BRH:0
end_of_record
TN:
SF:src\screens\Admin\Home.js
FN:8,(anonymous_0)
FN:19,(anonymous_1)
FN:22,(anonymous_2)
FN:30,(anonymous_3)
FN:32,(anonymous_4)
FN:33,(anonymous_5)
FN:41,(anonymous_6)
FN:48,(anonymous_7)
FN:49,(anonymous_8)
FN:78,(anonymous_9)
FN:101,(anonymous_10)
FN:109,(anonymous_11)
FN:112,(anonymous_12)
FN:116,(anonymous_13)
FN:120,(anonymous_14)
FN:127,(anonymous_15)
FN:145,(anonymous_16)
FN:147,(anonymous_17)
FNF:18
FNH:0
FNDA:0,(anonymous_0)
FNDA:0,(anonymous_1)
FNDA:0,(anonymous_2)
FNDA:0,(anonymous_3)
FNDA:0,(anonymous_4)
FNDA:0,(anonymous_5)
FNDA:0,(anonymous_6)
FNDA:0,(anonymous_7)
FNDA:0,(anonymous_8)
FNDA:0,(anonymous_9)
FNDA:0,(anonymous_10)
FNDA:0,(anonymous_11)
FNDA:0,(anonymous_12)
FNDA:0,(anonymous_13)
FNDA:0,(anonymous_14)
FNDA:0,(anonymous_15)
FNDA:0,(anonymous_16)
FNDA:0,(anonymous_17)
DA:9,0
DA:11,0
DA:20,0
DA:21,0
DA:22,0
DA:23,0
DA:30,0
DA:31,0
DA:33,0
DA:34,0
DA:41,0
DA:42,0
DA:45,0
DA:48,0
DA:49,0
DA:50,0
DA:55,0
DA:59,0
DA:60,0
DA:62,0
DA:63,0
DA:69,0
DA:70,0
DA:78,0
DA:79,0
DA:80,0
DA:81,0
DA:82,0
DA:83,0
DA:84,0
DA:85,0
DA:86,0
DA:89,0
DA:91,0
DA:99,0
DA:100,0
DA:101,0
DA:102,0
DA:106,0
DA:109,0
DA:110,0
DA:113,0
DA:114,0
DA:116,0
DA:121,0
DA:123,0
DA:127,0
DA:146,0
DA:147,0
DA:148,0
DA:162,1
LF:51
LH:1
BRDA:59,0,0,0
BRDA:59,0,1,0
BRDA:62,1,0,0
BRDA:62,1,1,0
BRDA:86,2,0,0
BRDA:86,2,1,0
BRF:6
BRH:0
end_of_record
TN:
SF:src\screens\Admin\User.js
FN:6,(anonymous_0)
FN:14,(anonymous_1)
FN:18,(anonymous_2)
FN:20,(anonymous_3)
FN:21,(anonymous_4)
FN:29,(anonymous_5)
FN:32,(anonymous_6)
FN:36,(anonymous_7)
FN:39,(anonymous_8)
FN:54,(anonymous_9)
FN:70,(anonymous_10)
FN:75,(anonymous_11)
FN:82,(anonymous_12)
FN:179,(anonymous_13)
FNF:14
FNH:0
FNDA:0,(anonymous_0)
FNDA:0,(anonymous_1)
FNDA:0,(anonymous_2)
FNDA:0,(anonymous_3)
FNDA:0,(anonymous_4)
FNDA:0,(anonymous_5)
FNDA:0,(anonymous_6)
FNDA:0,(anonymous_7)
FNDA:0,(anonymous_8)
FNDA:0,(anonymous_9)
FNDA:0,(anonymous_10)
FNDA:0,(anonymous_11)
FNDA:0,(anonymous_12)
FNDA:0,(anonymous_13)
DA:7,0
DA:9,0
DA:15,0
DA:18,0
DA:19,0
DA:21,0
DA:22,0
DA:29,0
DA:30,0
DA:33,0
DA:34,0
DA:36,0
DA:39,0
DA:40,0
DA:41,0
DA:54,0
DA:57,0
DA:70,0
DA:72,0
DA:76,0
DA:78,0
DA:82,0
DA:179,0
DA:193,1
LF:24
LH:1
BRDA:40,0,0,0
BRDA:40,0,1,0
BRDA:183,1,0,0
BRDA:183,1,1,0
BRF:4
BRH:0
end_of_record
TN:
SF:src\screens\Admin\ViewCar.js
FN:6,(anonymous_0)
FN:14,(anonymous_1)
FN:17,(anonymous_2)
FN:21,(anonymous_3)
FN:24,(anonymous_4)
FN:28,(anonymous_5)
FN:30,(anonymous_6)
FN:32,(anonymous_7)
FN:51,(anonymous_8)
FN:57,(anonymous_9)
FN:80,(anonymous_10)
FN:95,(anonymous_11)
FN:98,(anonymous_12)
FNF:13
FNH:0
FNDA:0,(anonymous_0)
FNDA:0,(anonymous_1)
FNDA:0,(anonymous_2)
FNDA:0,(anonymous_3)
FNDA:0,(anonymous_4)
FNDA:0,(anonymous_5)
FNDA:0,(anonymous_6)
FNDA:0,(anonymous_7)
FNDA:0,(anonymous_8)
FNDA:0,(anonymous_9)
FNDA:0,(anonymous_10)
FNDA:0,(anonymous_11)
FNDA:0,(anonymous_12)
DA:7,0
DA:9,0
DA:14,0
DA:15,0
DA:18,0
DA:19,0
DA:21,0
DA:25,0
DA:28,0
DA:29,0
DA:31,0
DA:32,0
DA:33,0
DA:34,0
DA:47,0
DA:52,0
DA:53,0
DA:57,0
DA:81,0
DA:95,0
DA:98,0
DA:114,1
LF:22
LH:1
BRF:0
BRH:0
end_of_record
TN:
SF:src\screens\Admin\ViewComment.js
FN:6,(anonymous_0)
FN:14,(anonymous_1)
FN:18,(anonymous_2)
FN:21,(anonymous_3)
FN:25,(anonymous_4)
FN:28,(anonymous_5)
FN:30,(anonymous_6)
FN:32,(anonymous_7)
FN:52,(anonymous_8)
FN:66,(anonymous_9)
FN:81,(anonymous_10)
FN:86,(anonymous_11)
FN:93,(anonymous_12)
FN:116,(anonymous_13)
FN:131,(anonymous_14)
FN:134,(anonymous_15)
FNF:16
FNH:0
FNDA:0,(anonymous_0)
FNDA:0,(anonymous_1)
FNDA:0,(anonymous_2)
FNDA:0,(anonymous_3)
FNDA:0,(anonymous_4)
FNDA:0,(anonymous_5)
FNDA:0,(anonymous_6)
FNDA:0,(anonymous_7)
FNDA:0,(anonymous_8)
FNDA:0,(anonymous_9)
FNDA:0,(anonymous_10)
FNDA:0,(anonymous_11)
FNDA:0,(anonymous_12)
FNDA:0,(anonymous_13)
FNDA:0,(anonymous_14)
FNDA:0,(anonymous_15)
DA:7,0
DA:9,0
DA:15,0
DA:18,0
DA:19,0
DA:22,0
DA:23,0
DA:25,0
DA:28,0
DA:29,0
DA:31,0
DA:32,0
DA:33,0
DA:34,0
DA:48,0
DA:52,0
DA:53,0
DA:54,0
DA:66,0
DA:69,0
DA:81,0
DA:83,0
DA:87,0
DA:89,0
DA:93,0
DA:117,0
DA:131,0
DA:134,0
DA:150,1
LF:29
LH:1
BRDA:53,0,0,0
BRDA:53,0,1,0
BRDA:120,1,0,0
BRDA:120,1,1,0
BRDA:135,2,0,0
BRDA:135,2,1,0
BRF:6
BRH:0
end_of_record
TN:
SF:src\screens\Admin\ViewUser.js
FN:7,(anonymous_0)
FN:15,(anonymous_1)
FN:19,(anonymous_2)
FN:21,(anonymous_3)
FN:23,(anonymous_4)
FN:44,(anonymous_5)
FN:47,(anonymous_6)
FN:51,(anonymous_7)
FN:55,(anonymous_8)
FN:62,(anonymous_9)
FN:85,(anonymous_10)
FN:101,(anonymous_11)
FN:104,(anonymous_12)
FNF:13
FNH:0
FNDA:0,(anonymous_0)
FNDA:0,(anonymous_1)
FNDA:0,(anonymous_2)
FNDA:0,(anonymous_3)
FNDA:0,(anonymous_4)
FNDA:0,(anonymous_5)
FNDA:0,(anonymous_6)
FNDA:0,(anonymous_7)
FNDA:0,(anonymous_8)
FNDA:0,(anonymous_9)
FNDA:0,(anonymous_10)
FNDA:0,(anonymous_11)
FNDA:0,(anonymous_12)
DA:8,0
DA:10,0
DA:16,0
DA:19,0
DA:20,0
DA:22,0
DA:23,0
DA:24,0
DA:25,0
DA:26,0
DA:40,0
DA:44,0
DA:45,0
DA:48,0
DA:49,0
DA:51,0
DA:56,0
DA:58,0
DA:62,0
DA:86,0
DA:101,0
DA:104,0
DA:120,1
LF:23
LH:1
BRDA:25,0,0,0
BRDA:25,0,1,0
BRDA:89,1,0,0
BRDA:89,1,1,0
BRF:4
BRH:0
end_of_record
TN:
SF:src\screens\General\Home.js
FN:9,(anonymous_0)
FN:20,(anonymous_1)
FN:22,(anonymous_2)
FN:30,(anonymous_3)
FN:31,(anonymous_4)
FN:53,(anonymous_5)
FN:77,(anonymous_6)
FN:87,(anonymous_7)
FN:96,(anonymous_8)
FN:98,(anonymous_9)
FN:109,(anonymous_10)
FN:112,(anonymous_11)
FNF:12
FNH:5
FNDA:7,(anonymous_0)
FNDA:8,(anonymous_1)
FNDA:0,(anonymous_2)
FNDA:0,(anonymous_3)
FNDA:0,(anonymous_4)
FNDA:0,(anonymous_5)
FNDA:0,(anonymous_6)
FNDA:7,(anonymous_7)
FNDA:0,(anonymous_8)
FNDA:0,(anonymous_9)
FNDA:1,(anonymous_10)
FNDA:1,(anonymous_11)
DA:10,7
DA:12,7
DA:21,8
DA:22,0
DA:23,0
DA:30,7
DA:31,0
DA:32,0
DA:37,0
DA:41,0
DA:42,0
DA:44,0
DA:45,0
DA:53,7
DA:54,0
DA:55,0
DA:56,0
DA:57,0
DA:58,0
DA:59,0
DA:60,0
DA:61,0
DA:62,0
DA:65,0
DA:67,0
DA:75,0
DA:76,0
DA:77,0
DA:78,0
DA:82,0
DA:83,0
DA:88,7
DA:97,0
DA:98,0
DA:99,0
DA:109,1
DA:112,1
DA:123,2
LF:38
LH:9
BRDA:41,0,0,0
BRDA:41,0,1,0
BRDA:44,1,0,0
BRDA:44,1,1,0
BRDA:62,2,0,0
BRDA:62,2,1,0
BRDA:117,3,0,0
BRDA:117,3,1,7
BRF:8
BRH:1
end_of_record
TN:
SF:src\screens\General\Login.js
FN:14,(anonymous_0)
FN:23,(anonymous_1)
FN:27,(anonymous_2)
FN:31,(anonymous_3)
FN:33,(anonymous_4)
FN:35,(anonymous_5)
FN:52,(anonymous_6)
FN:57,(anonymous_7)
FN:62,(anonymous_8)
FNF:9
FNH:9
FNDA:11,(anonymous_0)
FNDA:1,(anonymous_1)
FNDA:1,(anonymous_2)
FNDA:4,(anonymous_3)
FNDA:3,(anonymous_4)
FNDA:3,(anonymous_5)
FNDA:1,(anonymous_6)
FNDA:22,(anonymous_7)
FNDA:1,(anonymous_8)
DA:15,11
DA:17,11
DA:23,11
DA:24,1
DA:27,11
DA:28,1
DA:31,11
DA:32,4
DA:34,3
DA:36,3
DA:37,2
DA:39,1
DA:40,1
DA:43,1
DA:47,1
DA:48,1
DA:53,1
DA:58,22
DA:60,22
DA:62,1
DA:91,2
LF:21
LH:21
BRDA:36,0,0,2
BRDA:36,0,1,1
BRDA:37,1,0,1
BRDA:37,1,1,1
BRF:4
BRH:4
end_of_record
TN:
SF:src\screens\General\SignUp.js
FN:18,(anonymous_0)
FN:37,(anonymous_1)
FN:41,(anonymous_2)
FN:45,(anonymous_3)
FN:49,(anonymous_4)
FN:58,(anonymous_5)
FN:62,(anonymous_6)
FN:66,(anonymous_7)
FN:70,(anonymous_8)
FN:74,(anonymous_9)
FN:78,(anonymous_10)
FN:81,(anonymous_11)
FN:99,(anonymous_12)
FN:102,(anonymous_13)
FN:107,(anonymous_14)
FN:116,(anonymous_15)
FNF:16
FNH:15
FNDA:14,(anonymous_0)
FNDA:1,(anonymous_1)
FNDA:1,(anonymous_2)
FNDA:1,(anonymous_3)
FNDA:1,(anonymous_4)
FNDA:1,(anonymous_5)
FNDA:1,(anonymous_6)
FNDA:1,(anonymous_7)
FNDA:1,(anonymous_8)
FNDA:1,(anonymous_9)
FNDA:1,(anonymous_10)
FNDA:0,(anonymous_11)
FNDA:1,(anonymous_12)
FNDA:1,(anonymous_13)
FNDA:27,(anonymous_14)
FNDA:1,(anonymous_15)
DA:19,14
DA:21,14
DA:37,14
DA:38,1
DA:41,14
DA:42,1
DA:45,14
DA:46,1
DA:49,14
DA:50,1
DA:51,1
DA:52,1
DA:53,1
DA:54,1
DA:55,1
DA:58,14
DA:59,1
DA:62,14
DA:63,1
DA:66,14
DA:67,1
DA:70,14
DA:71,1
DA:74,14
DA:75,1
DA:78,14
DA:79,1
DA:82,0
DA:95,0
DA:96,0
DA:97,0
DA:99,1
DA:102,14
DA:103,1
DA:108,27
DA:109,27
DA:114,27
DA:116,1
DA:214,2
LF:39
LH:35
BRDA:50,0,0,1
BRDA:50,0,1,0
BRDA:153,1,0,27
BRDA:153,1,1,1
BRF:4
BRH:3
end_of_record
TN:
SF:src\screens\General\result.js
FN:14,(anonymous_0)
FN:22,(anonymous_1)
FN:26,(anonymous_2)
FN:28,(anonymous_3)
FN:29,(anonymous_4)
FN:37,(anonymous_5)
FN:44,(anonymous_6)
FNF:7
FNH:5
FNDA:2,(anonymous_0)
FNDA:2,(anonymous_1)
FNDA:2,(anonymous_2)
FNDA:0,(anonymous_3)
FNDA:0,(anonymous_4)
FNDA:2,(anonymous_5)
FNDA:1,(anonymous_6)
DA:15,2
DA:17,2
DA:23,2
DA:26,2
DA:27,2
DA:29,0
DA:30,0
DA:31,0
DA:32,0
DA:38,2
DA:39,2
DA:41,2
DA:44,1
DA:111,2
LF:14
LH:10
BRDA:31,0,0,0
BRDA:31,0,1,0
BRF:2
BRH:0
end_of_record
TN:
SF:src\screens\User\EditProfile.js
FN:19,(anonymous_0)
FN:38,(anonymous_1)
FN:42,(anonymous_2)
FN:46,(anonymous_3)
FN:50,(anonymous_4)
FN:59,(anonymous_5)
FN:63,(anonymous_6)
FN:67,(anonymous_7)
FN:71,(anonymous_8)
FN:75,(anonymous_9)
FN:89,(anonymous_10)
FN:93,(anonymous_11)
FN:98,(anonymous_12)
FN:109,(anonymous_13)
FNF:14
FNH:0
FNDA:0,(anonymous_0)
FNDA:0,(anonymous_1)
FNDA:0,(anonymous_2)
FNDA:0,(anonymous_3)
FNDA:0,(anonymous_4)
FNDA:0,(anonymous_5)
FNDA:0,(anonymous_6)
FNDA:0,(anonymous_7)
FNDA:0,(anonymous_8)
FNDA:0,(anonymous_9)
FNDA:0,(anonymous_10)
FNDA:0,(anonymous_11)
FNDA:0,(anonymous_12)
FNDA:0,(anonymous_13)
DA:20,0
DA:22,0
DA:38,0
DA:39,0
DA:42,0
DA:43,0
DA:46,0
DA:47,0
DA:50,0
DA:51,0
DA:52,0
DA:53,0
DA:54,0
DA:55,0
DA:56,0
DA:59,0
DA:60,0
DA:63,0
DA:64,0
DA:67,0
DA:68,0
DA:71,0
DA:72,0
DA:75,0
DA:76,0
DA:89,0
DA:90,0
DA:93,0
DA:94,0
DA:99,0
DA:100,0
DA:105,0
DA:109,0
DA:213,1
LF:34
LH:1
BRDA:51,0,0,0
BRDA:51,0,1,0
BRDA:167,1,0,0
BRDA:167,1,1,0
BRF:4
BRH:0
end_of_record
TN:
SF:src\screens\User\Favourite.js
FN:7,(anonymous_0)
FN:16,(anonymous_1)
FN:21,(anonymous_2)
FN:23,(anonymous_3)
FN:24,(anonymous_4)
FN:32,(anonymous_5)
FN:34,(anonymous_6)
FN:36,(anonymous_7)
FN:50,(anonymous_8)
FN:53,(anonymous_9)
FN:57,(anonymous_10)
FN:62,(anonymous_11)
FN:68,(anonymous_12)
FN:87,(anonymous_13)
FN:89,(anonymous_14)
FNF:15
FNH:0
FNDA:0,(anonymous_0)
FNDA:0,(anonymous_1)
FNDA:0,(anonymous_2)
FNDA:0,(anonymous_3)
FNDA:0,(anonymous_4)
FNDA:0,(anonymous_5)
FNDA:0,(anonymous_6)
FNDA:0,(anonymous_7)
FNDA:0,(anonymous_8)
FNDA:0,(anonymous_9)
FNDA:0,(anonymous_10)
FNDA:0,(anonymous_11)
FNDA:0,(anonymous_12)
FNDA:0,(anonymous_13)
FNDA:0,(anonymous_14)
DA:8,0
DA:10,0
DA:17,0
DA:18,0
DA:21,0
DA:22,0
DA:24,0
DA:25,0
DA:32,0
DA:33,0
DA:35,0
DA:36,0
DA:37,0
DA:38,0
DA:39,0
DA:46,0
DA:50,0
DA:51,0
DA:54,0
DA:55,0
DA:57,0
DA:63,0
DA:64,0
DA:68,0
DA:88,0
DA:89,0
DA:113,1
LF:27
LH:1
BRDA:38,0,0,0
BRDA:38,0,1,0
BRF:2
BRH:0
end_of_record
TN:
SF:src\screens\User\Home.js
FN:9,(anonymous_0)
FN:21,(anonymous_1)
FN:24,(anonymous_2)
FN:32,(anonymous_3)
FN:34,(anonymous_4)
FN:35,(anonymous_5)
FN:43,(anonymous_6)
FN:50,(anonymous_7)
FN:51,(anonymous_8)
FN:80,(anonymous_9)
FN:104,(anonymous_10)
FN:113,(anonymous_11)
FN:116,(anonymous_12)
FN:120,(anonymous_13)
FN:124,(anonymous_14)
FN:132,(anonymous_15)
FN:150,(anonymous_16)
FN:152,(anonymous_17)
FN:164,(anonymous_18)
FN:169,(anonymous_19)
FNF:20
FNH:0
FNDA:0,(anonymous_0)
FNDA:0,(anonymous_1)
FNDA:0,(anonymous_2)
FNDA:0,(anonymous_3)
FNDA:0,(anonymous_4)
FNDA:0,(anonymous_5)
FNDA:0,(anonymous_6)
FNDA:0,(anonymous_7)
FNDA:0,(anonymous_8)
FNDA:0,(anonymous_9)
FNDA:0,(anonymous_10)
FNDA:0,(anonymous_11)
FNDA:0,(anonymous_12)
FNDA:0,(anonymous_13)
FNDA:0,(anonymous_14)
FNDA:0,(anonymous_15)
FNDA:0,(anonymous_16)
FNDA:0,(anonymous_17)
FNDA:0,(anonymous_18)
FNDA:0,(anonymous_19)
DA:10,0
DA:12,0
DA:22,0
DA:23,0
DA:24,0
DA:25,0
DA:32,0
DA:33,0
DA:35,0
DA:36,0
DA:43,0
DA:44,0
DA:47,0
DA:50,0
DA:51,0
DA:52,0
DA:57,0
DA:61,0
DA:62,0
DA:64,0
DA:65,0
DA:71,0
DA:72,0
DA:80,0
DA:81,0
DA:82,0
DA:83,0
DA:84,0
DA:85,0
DA:86,0
DA:87,0
DA:88,0
DA:89,0
DA:92,0
DA:94,0
DA:102,0
DA:103,0
DA:104,0
DA:105,0
DA:109,0
DA:110,0
DA:113,0
DA:114,0
DA:117,0
DA:118,0
DA:120,0
DA:125,0
DA:127,0
DA:132,0
DA:151,0
DA:152,0
DA:153,0
DA:164,0
DA:169,0
DA:181,1
LF:55
LH:1
BRDA:61,0,0,0
BRDA:61,0,1,0
BRDA:64,1,0,0
BRDA:64,1,1,0
BRDA:89,2,0,0
BRDA:89,2,1,0
BRDA:175,3,0,0
BRDA:175,3,1,0
BRF:8
BRH:0
end_of_record
TN:
SF:src\screens\User\Profile.js
FN:6,(anonymous_0)
FN:14,(anonymous_1)
FN:18,(anonymous_2)
FN:20,(anonymous_3)
FN:21,(anonymous_4)
FN:29,(anonymous_5)
FN:32,(anonymous_6)
FN:36,(anonymous_7)
FN:39,(anonymous_8)
FN:46,(anonymous_9)
FN:134,(anonymous_10)
FN:142,(anonymous_11)
FN:147,(anonymous_12)
FNF:13
FNH:9
FNDA:6,(anonymous_0)
FNDA:6,(anonymous_1)
FNDA:6,(anonymous_2)
FNDA:0,(anonymous_3)
FNDA:0,(anonymous_4)
FNDA:1,(anonymous_5)
FNDA:0,(anonymous_6)
FNDA:0,(anonymous_7)
FNDA:6,(anonymous_8)
FNDA:1,(anonymous_9)
FNDA:1,(anonymous_10)
FNDA:1,(anonymous_11)
FNDA:1,(anonymous_12)
DA:7,6
DA:9,6
DA:15,6
DA:18,6
DA:19,6
DA:21,0
DA:22,0
DA:29,6
DA:30,1
DA:33,0
DA:34,0
DA:36,0
DA:40,6
DA:42,6
DA:46,1
DA:134,1
DA:142,1
DA:147,1
DA:157,2
LF:19
LH:14
BRF:0
BRH:0
end_of_record
TN:
SF:src\screens\User\Result.js
FN:15,(anonymous_0)
FN:29,(anonymous_1)
FN:35,(anonymous_2)
FN:37,(anonymous_3)
FN:38,(anonymous_4)
FN:46,(anonymous_5)
FN:48,(anonymous_6)
FN:49,(anonymous_7)
FN:59,(anonymous_8)
FN:63,(anonymous_9)
FN:72,(anonymous_10)
FN:76,(anonymous_11)
FN:79,(anonymous_12)
FN:83,(anonymous_13)
FN:86,(anonymous_14)
FN:94,(anonymous_15)
FN:98,(anonymous_16)
FN:108,(anonymous_17)
FN:121,(anonymous_18)
FN:126,(anonymous_19)
FN:128,(anonymous_20)
FN:130,(anonymous_21)
FN:150,(anonymous_22)
FN:162,(anonymous_23)
FN:170,(anonymous_24)
FN:272,(anonymous_25)
FN:277,(anonymous_26)
FN:296,(anonymous_27)
FN:305,(anonymous_28)
FN:318,(anonymous_29)
FN:341,(anonymous_30)
FNF:31
FNH:0
FNDA:0,(anonymous_0)
FNDA:0,(anonymous_1)
FNDA:0,(anonymous_2)
FNDA:0,(anonymous_3)
FNDA:0,(anonymous_4)
FNDA:0,(anonymous_5)
FNDA:0,(anonymous_6)
FNDA:0,(anonymous_7)
FNDA:0,(anonymous_8)
FNDA:0,(anonymous_9)
FNDA:0,(anonymous_10)
FNDA:0,(anonymous_11)
FNDA:0,(anonymous_12)
FNDA:0,(anonymous_13)
FNDA:0,(anonymous_14)
FNDA:0,(anonymous_15)
FNDA:0,(anonymous_16)
FNDA:0,(anonymous_17)
FNDA:0,(anonymous_18)
FNDA:0,(anonymous_19)
FNDA:0,(anonymous_20)
FNDA:0,(anonymous_21)
FNDA:0,(anonymous_22)
FNDA:0,(anonymous_23)
FNDA:0,(anonymous_24)
FNDA:0,(anonymous_25)
FNDA:0,(anonymous_26)
FNDA:0,(anonymous_27)
FNDA:0,(anonymous_28)
FNDA:0,(anonymous_29)
FNDA:0,(anonymous_30)
DA:16,0
DA:18,0
DA:30,0
DA:31,0
DA:32,0
DA:35,0
DA:36,0
DA:38,0
DA:39,0
DA:40,0
DA:41,0
DA:46,0
DA:47,0
DA:49,0
DA:50,0
DA:51,0
DA:52,0
DA:53,0
DA:59,0
DA:60,0
DA:63,0
DA:64,0
DA:65,0
DA:66,0
DA:68,0
DA:72,0
DA:73,0
DA:76,0
DA:77,0
DA:80,0
DA:81,0
DA:83,0
DA:86,0
DA:87,0
DA:94,0
DA:95,0
DA:98,0
DA:99,0
DA:100,0
DA:101,0
DA:102,0
DA:104,0
DA:108,0
DA:109,0
DA:121,0
DA:122,0
DA:123,0
DA:126,0
DA:127,0
DA:129,0
DA:130,0
DA:131,0
DA:132,0
DA:133,0
DA:146,0
DA:150,0
DA:151,0
DA:152,0
DA:153,0
DA:154,0
DA:155,0
DA:157,0
DA:163,0
DA:164,0
DA:166,0
DA:170,0
DA:273,0
DA:277,0
DA:296,0
DA:306,0
DA:319,0
DA:341,0
DA:360,1
LF:73
LH:1
BRDA:40,0,0,0
BRDA:40,0,1,0
BRDA:40,1,0,0
BRDA:40,1,1,0
BRDA:51,2,0,0
BRDA:51,2,1,0
BRDA:51,3,0,0
BRDA:51,3,1,0
BRDA:64,4,0,0
BRDA:64,4,1,0
BRDA:132,5,0,0
BRDA:132,5,1,0
BRDA:132,6,0,0
BRDA:132,6,1,0
BRDA:197,7,0,0
BRDA:197,7,1,0
BRDA:282,8,0,0
BRDA:282,8,1,0
BRDA:309,9,0,0
BRDA:309,9,1,0
BRDA:324,10,0,0
BRDA:324,10,1,0
BRDA:340,11,0,0
BRDA:340,11,1,0
BRF:24
BRH:0
end_of_record
